Performing Curl Test HAVE_FCNTL_O_NONBLOCK failed with the following output:
Change Dir: 'D:/Programming/Battleship/Game/testDemo/vcpkg_installed/vcpkg/blds/curl/x64-windows-dbg/CMakeFiles/CMakeTmp'

Run Build Command(s): "C:/Program Files/Microsoft Visual Studio/2022/Community/Common7/IDE/CommonExtensions/Microsoft/CMake/Ninja/ninja.exe" -v cmTC_93a73
[1/2] C:\PROGRA~1\MICROS~3\2022\COMMUN~1\VC\Tools\MSVC\1438~1.331\bin\Hostx64\x64\cl.exe  /nologo   /nologo /DWIN32 /D_WINDOWS /W3 /utf-8 /MP  -DHAVE_FCNTL_O_NONBLOCK  -DHAVE_WINDOWS_H -DHAVE_WS2TCPIP_H -DHAVE_WINSOCK2_H -DHAVE_WINCRYPT_H -DHAVE_INTTYPES_H -DHAVE_SYS_STAT_H -DHAVE_SYS_TYPES_H -DHAVE_SYS_UTIME_H -DHAVE_FCNTL_H -DHAVE_IO_H -DHAVE_LOCALE_H -DHAVE_SETJMP_H -DHAVE_SIGNAL_H -DHAVE_STDBOOL_H -DHAVE_STDINT_H -DHAVE_STDLIB_H -DHAVE_STRING_H -DHAVE_TIME_H -DHAVE_STDDEF_H /D_DEBUG /MDd /Z7 /Ob0 /Od /RTC1  -MDd /showIncludes /FoCMakeFiles\cmTC_93a73.dir\CurlTests.c.obj /FdCMakeFiles\cmTC_93a73.dir\ /FS -c D:\Programming\Battleship\Game\testDemo\vcpkg_installed\vcpkg\blds\curl\src\curl-8_2_1-1a1f01a28f.clean\CMake\CurlTests.c
FAILED: CMakeFiles/cmTC_93a73.dir/CurlTests.c.obj 
C:\PROGRA~1\MICROS~3\2022\COMMUN~1\VC\Tools\MSVC\1438~1.331\bin\Hostx64\x64\cl.exe  /nologo   /nologo /DWIN32 /D_WINDOWS /W3 /utf-8 /MP  -DHAVE_FCNTL_O_NONBLOCK  -DHAVE_WINDOWS_H -DHAVE_WS2TCPIP_H -DHAVE_WINSOCK2_H -DHAVE_WINCRYPT_H -DHAVE_INTTYPES_H -DHAVE_SYS_STAT_H -DHAVE_SYS_TYPES_H -DHAVE_SYS_UTIME_H -DHAVE_FCNTL_H -DHAVE_IO_H -DHAVE_LOCALE_H -DHAVE_SETJMP_H -DHAVE_SIGNAL_H -DHAVE_STDBOOL_H -DHAVE_STDINT_H -DHAVE_STDLIB_H -DHAVE_STRING_H -DHAVE_TIME_H -DHAVE_STDDEF_H /D_DEBUG /MDd /Z7 /Ob0 /Od /RTC1  -MDd /showIncludes /FoCMakeFiles\cmTC_93a73.dir\CurlTests.c.obj /FdCMakeFiles\cmTC_93a73.dir\ /FS -c D:\Programming\Battleship\Game\testDemo\vcpkg_installed\vcpkg\blds\curl\src\curl-8_2_1-1a1f01a28f.clean\CMake\CurlTests.c
D:\Programming\Battleship\Game\testDemo\vcpkg_installed\vcpkg\blds\curl\src\curl-8_2_1-1a1f01a28f.clean\CMake\CurlTests.c(46): fatal error C1083: Cannot open include file: 'unistd.h': No such file or directory
ninja: build stopped: subcommand failed.


Performing Curl Test HAVE_IOCTLSOCKET_CAMEL failed with the following output:
Change Dir: 'D:/Programming/Battleship/Game/testDemo/vcpkg_installed/vcpkg/blds/curl/x64-windows-dbg/CMakeFiles/CMakeTmp'

Run Build Command(s): "C:/Program Files/Microsoft Visual Studio/2022/Community/Common7/IDE/CommonExtensions/Microsoft/CMake/Ninja/ninja.exe" -v cmTC_6146c
[1/2] C:\PROGRA~1\MICROS~3\2022\COMMUN~1\VC\Tools\MSVC\1438~1.331\bin\Hostx64\x64\cl.exe  /nologo   /nologo /DWIN32 /D_WINDOWS /W3 /utf-8 /MP  -DHAVE_IOCTLSOCKET_CAMEL  -DHAVE_WINDOWS_H -DHAVE_WS2TCPIP_H -DHAVE_WINSOCK2_H -DHAVE_WINCRYPT_H -DHAVE_INTTYPES_H -DHAVE_SYS_STAT_H -DHAVE_SYS_TYPES_H -DHAVE_SYS_UTIME_H -DHAVE_FCNTL_H -DHAVE_IO_H -DHAVE_LOCALE_H -DHAVE_SETJMP_H -DHAVE_SIGNAL_H -DHAVE_STDBOOL_H -DHAVE_STDINT_H -DHAVE_STDLIB_H -DHAVE_STRING_H -DHAVE_TIME_H -DHAVE_STDDEF_H /D_DEBUG /MDd /Z7 /Ob0 /Od /RTC1  -MDd /showIncludes /FoCMakeFiles\cmTC_6146c.dir\CurlTests.c.obj /FdCMakeFiles\cmTC_6146c.dir\ /FS -c D:\Programming\Battleship\Game\testDemo\vcpkg_installed\vcpkg\blds\curl\src\curl-8_2_1-1a1f01a28f.clean\CMake\CurlTests.c
D:\Programming\Battleship\Game\testDemo\vcpkg_installed\vcpkg\blds\curl\src\curl-8_2_1-1a1f01a28f.clean\CMake\CurlTests.c(245): warning C4013: 'IoctlSocket' undefined; assuming extern returning int
[2/2] cmd.exe /C "cd . && "C:\Program Files\Microsoft Visual Studio\2022\Community\Common7\IDE\CommonExtensions\Microsoft\CMake\CMake\bin\cmake.exe" -E vs_link_exe --intdir=CMakeFiles\cmTC_6146c.dir --rc=C:\PROGRA~2\WI3CF2~1\10\bin\100226~1.0\x64\rc.exe --mt=C:\PROGRA~2\WI3CF2~1\10\bin\100226~1.0\x64\mt.exe --manifests  -- C:\PROGRA~1\MICROS~3\2022\COMMUN~1\VC\Tools\MSVC\1438~1.331\bin\Hostx64\x64\link.exe /nologo CMakeFiles\cmTC_6146c.dir\CurlTests.c.obj  /out:cmTC_6146c.exe /implib:cmTC_6146c.lib /pdb:cmTC_6146c.pdb /version:0.0 /machine:x64  /debug /INCREMENTAL /subsystem:console  ws2_32.lib  kernel32.lib user32.lib gdi32.lib winspool.lib shell32.lib ole32.lib oleaut32.lib uuid.lib comdlg32.lib advapi32.lib && cd ."
FAILED: cmTC_6146c.exe 
cmd.exe /C "cd . && "C:\Program Files\Microsoft Visual Studio\2022\Community\Common7\IDE\CommonExtensions\Microsoft\CMake\CMake\bin\cmake.exe" -E vs_link_exe --intdir=CMakeFiles\cmTC_6146c.dir --rc=C:\PROGRA~2\WI3CF2~1\10\bin\100226~1.0\x64\rc.exe --mt=C:\PROGRA~2\WI3CF2~1\10\bin\100226~1.0\x64\mt.exe --manifests  -- C:\PROGRA~1\MICROS~3\2022\COMMUN~1\VC\Tools\MSVC\1438~1.331\bin\Hostx64\x64\link.exe /nologo CMakeFiles\cmTC_6146c.dir\CurlTests.c.obj  /out:cmTC_6146c.exe /implib:cmTC_6146c.lib /pdb:cmTC_6146c.pdb /version:0.0 /machine:x64  /debug /INCREMENTAL /subsystem:console  ws2_32.lib  kernel32.lib user32.lib gdi32.lib winspool.lib shell32.lib ole32.lib oleaut32.lib uuid.lib comdlg32.lib advapi32.lib && cd ."
LINK Pass 1: command "C:\PROGRA~1\MICROS~3\2022\COMMUN~1\VC\Tools\MSVC\1438~1.331\bin\Hostx64\x64\link.exe /nologo CMakeFiles\cmTC_6146c.dir\CurlTests.c.obj /out:cmTC_6146c.exe /implib:cmTC_6146c.lib /pdb:cmTC_6146c.pdb /version:0.0 /machine:x64 /debug /INCREMENTAL /subsystem:console ws2_32.lib kernel32.lib user32.lib gdi32.lib winspool.lib shell32.lib ole32.lib oleaut32.lib uuid.lib comdlg32.lib advapi32.lib /MANIFEST /MANIFESTFILE:CMakeFiles\cmTC_6146c.dir/intermediate.manifest CMakeFiles\cmTC_6146c.dir/manifest.res" failed (exit code 1120) with the following output:
CurlTests.c.obj : error LNK2019: unresolved external symbol IoctlSocket referenced in function main
cmTC_6146c.exe : fatal error LNK1120: 1 unresolved externals
ninja: build stopped: subcommand failed.


Performing Curl Test HAVE_IOCTLSOCKET_CAMEL_FIONBIO failed with the following output:
Change Dir: 'D:/Programming/Battleship/Game/testDemo/vcpkg_installed/vcpkg/blds/curl/x64-windows-dbg/CMakeFiles/CMakeTmp'

Run Build Command(s): "C:/Program Files/Microsoft Visual Studio/2022/Community/Common7/IDE/CommonExtensions/Microsoft/CMake/Ninja/ninja.exe" -v cmTC_e0052
[1/2] C:\PROGRA~1\MICROS~3\2022\COMMUN~1\VC\Tools\MSVC\1438~1.331\bin\Hostx64\x64\cl.exe  /nologo   /nologo /DWIN32 /D_WINDOWS /W3 /utf-8 /MP  -DHAVE_IOCTLSOCKET_CAMEL_FIONBIO  -DHAVE_WINDOWS_H -DHAVE_WS2TCPIP_H -DHAVE_WINSOCK2_H -DHAVE_WINCRYPT_H -DHAVE_INTTYPES_H -DHAVE_SYS_STAT_H -DHAVE_SYS_TYPES_H -DHAVE_SYS_UTIME_H -DHAVE_FCNTL_H -DHAVE_IO_H -DHAVE_LOCALE_H -DHAVE_SETJMP_H -DHAVE_SIGNAL_H -DHAVE_STDBOOL_H -DHAVE_STDINT_H -DHAVE_STDLIB_H -DHAVE_STRING_H -DHAVE_TIME_H -DHAVE_STDDEF_H /D_DEBUG /MDd /Z7 /Ob0 /Od /RTC1  -MDd /showIncludes /FoCMakeFiles\cmTC_e0052.dir\CurlTests.c.obj /FdCMakeFiles\cmTC_e0052.dir\ /FS -c D:\Programming\Battleship\Game\testDemo\vcpkg_installed\vcpkg\blds\curl\src\curl-8_2_1-1a1f01a28f.clean\CMake\CurlTests.c
D:\Programming\Battleship\Game\testDemo\vcpkg_installed\vcpkg\blds\curl\src\curl-8_2_1-1a1f01a28f.clean\CMake\CurlTests.c(269): warning C4013: 'IoctlSocket' undefined; assuming extern returning int
[2/2] cmd.exe /C "cd . && "C:\Program Files\Microsoft Visual Studio\2022\Community\Common7\IDE\CommonExtensions\Microsoft\CMake\CMake\bin\cmake.exe" -E vs_link_exe --intdir=CMakeFiles\cmTC_e0052.dir --rc=C:\PROGRA~2\WI3CF2~1\10\bin\100226~1.0\x64\rc.exe --mt=C:\PROGRA~2\WI3CF2~1\10\bin\100226~1.0\x64\mt.exe --manifests  -- C:\PROGRA~1\MICROS~3\2022\COMMUN~1\VC\Tools\MSVC\1438~1.331\bin\Hostx64\x64\link.exe /nologo CMakeFiles\cmTC_e0052.dir\CurlTests.c.obj  /out:cmTC_e0052.exe /implib:cmTC_e0052.lib /pdb:cmTC_e0052.pdb /version:0.0 /machine:x64  /debug /INCREMENTAL /subsystem:console  ws2_32.lib  kernel32.lib user32.lib gdi32.lib winspool.lib shell32.lib ole32.lib oleaut32.lib uuid.lib comdlg32.lib advapi32.lib && cd ."
FAILED: cmTC_e0052.exe 
cmd.exe /C "cd . && "C:\Program Files\Microsoft Visual Studio\2022\Community\Common7\IDE\CommonExtensions\Microsoft\CMake\CMake\bin\cmake.exe" -E vs_link_exe --intdir=CMakeFiles\cmTC_e0052.dir --rc=C:\PROGRA~2\WI3CF2~1\10\bin\100226~1.0\x64\rc.exe --mt=C:\PROGRA~2\WI3CF2~1\10\bin\100226~1.0\x64\mt.exe --manifests  -- C:\PROGRA~1\MICROS~3\2022\COMMUN~1\VC\Tools\MSVC\1438~1.331\bin\Hostx64\x64\link.exe /nologo CMakeFiles\cmTC_e0052.dir\CurlTests.c.obj  /out:cmTC_e0052.exe /implib:cmTC_e0052.lib /pdb:cmTC_e0052.pdb /version:0.0 /machine:x64  /debug /INCREMENTAL /subsystem:console  ws2_32.lib  kernel32.lib user32.lib gdi32.lib winspool.lib shell32.lib ole32.lib oleaut32.lib uuid.lib comdlg32.lib advapi32.lib && cd ."
LINK Pass 1: command "C:\PROGRA~1\MICROS~3\2022\COMMUN~1\VC\Tools\MSVC\1438~1.331\bin\Hostx64\x64\link.exe /nologo CMakeFiles\cmTC_e0052.dir\CurlTests.c.obj /out:cmTC_e0052.exe /implib:cmTC_e0052.lib /pdb:cmTC_e0052.pdb /version:0.0 /machine:x64 /debug /INCREMENTAL /subsystem:console ws2_32.lib kernel32.lib user32.lib gdi32.lib winspool.lib shell32.lib ole32.lib oleaut32.lib uuid.lib comdlg32.lib advapi32.lib /MANIFEST /MANIFESTFILE:CMakeFiles\cmTC_e0052.dir/intermediate.manifest CMakeFiles\cmTC_e0052.dir/manifest.res" failed (exit code 1120) with the following output:
CurlTests.c.obj : error LNK2019: unresolved external symbol IoctlSocket referenced in function main
cmTC_e0052.exe : fatal error LNK1120: 1 unresolved externals
ninja: build stopped: subcommand failed.


Performing Curl Test HAVE_IOCTL_FIONBIO failed with the following output:
Change Dir: 'D:/Programming/Battleship/Game/testDemo/vcpkg_installed/vcpkg/blds/curl/x64-windows-dbg/CMakeFiles/CMakeTmp'

Run Build Command(s): "C:/Program Files/Microsoft Visual Studio/2022/Community/Common7/IDE/CommonExtensions/Microsoft/CMake/Ninja/ninja.exe" -v cmTC_efbb7
[1/2] C:\PROGRA~1\MICROS~3\2022\COMMUN~1\VC\Tools\MSVC\1438~1.331\bin\Hostx64\x64\cl.exe  /nologo   /nologo /DWIN32 /D_WINDOWS /W3 /utf-8 /MP  -DHAVE_IOCTL_FIONBIO  -DHAVE_WINDOWS_H -DHAVE_WS2TCPIP_H -DHAVE_WINSOCK2_H -DHAVE_WINCRYPT_H -DHAVE_INTTYPES_H -DHAVE_SYS_STAT_H -DHAVE_SYS_TYPES_H -DHAVE_SYS_UTIME_H -DHAVE_FCNTL_H -DHAVE_IO_H -DHAVE_LOCALE_H -DHAVE_SETJMP_H -DHAVE_SIGNAL_H -DHAVE_STDBOOL_H -DHAVE_STDINT_H -DHAVE_STDLIB_H -DHAVE_STRING_H -DHAVE_TIME_H -DHAVE_STDDEF_H /D_DEBUG /MDd /Z7 /Ob0 /Od /RTC1  -MDd /showIncludes /FoCMakeFiles\cmTC_efbb7.dir\CurlTests.c.obj /FdCMakeFiles\cmTC_efbb7.dir\ /FS -c D:\Programming\Battleship\Game\testDemo\vcpkg_installed\vcpkg\blds\curl\src\curl-8_2_1-1a1f01a28f.clean\CMake\CurlTests.c
FAILED: CMakeFiles/cmTC_efbb7.dir/CurlTests.c.obj 
C:\PROGRA~1\MICROS~3\2022\COMMUN~1\VC\Tools\MSVC\1438~1.331\bin\Hostx64\x64\cl.exe  /nologo   /nologo /DWIN32 /D_WINDOWS /W3 /utf-8 /MP  -DHAVE_IOCTL_FIONBIO  -DHAVE_WINDOWS_H -DHAVE_WS2TCPIP_H -DHAVE_WINSOCK2_H -DHAVE_WINCRYPT_H -DHAVE_INTTYPES_H -DHAVE_SYS_STAT_H -DHAVE_SYS_TYPES_H -DHAVE_SYS_UTIME_H -DHAVE_FCNTL_H -DHAVE_IO_H -DHAVE_LOCALE_H -DHAVE_SETJMP_H -DHAVE_SIGNAL_H -DHAVE_STDBOOL_H -DHAVE_STDINT_H -DHAVE_STDLIB_H -DHAVE_STRING_H -DHAVE_TIME_H -DHAVE_STDDEF_H /D_DEBUG /MDd /Z7 /Ob0 /Od /RTC1  -MDd /showIncludes /FoCMakeFiles\cmTC_efbb7.dir\CurlTests.c.obj /FdCMakeFiles\cmTC_efbb7.dir\ /FS -c D:\Programming\Battleship\Game\testDemo\vcpkg_installed\vcpkg\blds\curl\src\curl-8_2_1-1a1f01a28f.clean\CMake\CurlTests.c
D:\Programming\Battleship\Game\testDemo\vcpkg_installed\vcpkg\blds\curl\src\curl-8_2_1-1a1f01a28f.clean\CMake\CurlTests.c(323): warning C4013: 'ioctl' undefined; assuming extern returning int
D:\Programming\Battleship\Game\testDemo\vcpkg_installed\vcpkg\blds\curl\src\curl-8_2_1-1a1f01a28f.clean\CMake\CurlTests.c(323): error C2065: 'FIONBIO': undeclared identifier
ninja: build stopped: subcommand failed.


Performing Curl Test HAVE_IOCTL_SIOCGIFADDR failed with the following output:
Change Dir: 'D:/Programming/Battleship/Game/testDemo/vcpkg_installed/vcpkg/blds/curl/x64-windows-dbg/CMakeFiles/CMakeTmp'

Run Build Command(s): "C:/Program Files/Microsoft Visual Studio/2022/Community/Common7/IDE/CommonExtensions/Microsoft/CMake/Ninja/ninja.exe" -v cmTC_acdf7
[1/2] C:\PROGRA~1\MICROS~3\2022\COMMUN~1\VC\Tools\MSVC\1438~1.331\bin\Hostx64\x64\cl.exe  /nologo   /nologo /DWIN32 /D_WINDOWS /W3 /utf-8 /MP  -DHAVE_IOCTL_SIOCGIFADDR  -DHAVE_WINDOWS_H -DHAVE_WS2TCPIP_H -DHAVE_WINSOCK2_H -DHAVE_WINCRYPT_H -DHAVE_INTTYPES_H -DHAVE_SYS_STAT_H -DHAVE_SYS_TYPES_H -DHAVE_SYS_UTIME_H -DHAVE_FCNTL_H -DHAVE_IO_H -DHAVE_LOCALE_H -DHAVE_SETJMP_H -DHAVE_SIGNAL_H -DHAVE_STDBOOL_H -DHAVE_STDINT_H -DHAVE_STDLIB_H -DHAVE_STRING_H -DHAVE_TIME_H -DHAVE_STDDEF_H /D_DEBUG /MDd /Z7 /Ob0 /Od /RTC1  -MDd /showIncludes /FoCMakeFiles\cmTC_acdf7.dir\CurlTests.c.obj /FdCMakeFiles\cmTC_acdf7.dir\ /FS -c D:\Programming\Battleship\Game\testDemo\vcpkg_installed\vcpkg\blds\curl\src\curl-8_2_1-1a1f01a28f.clean\CMake\CurlTests.c
FAILED: CMakeFiles/cmTC_acdf7.dir/CurlTests.c.obj 
C:\PROGRA~1\MICROS~3\2022\COMMUN~1\VC\Tools\MSVC\1438~1.331\bin\Hostx64\x64\cl.exe  /nologo   /nologo /DWIN32 /D_WINDOWS /W3 /utf-8 /MP  -DHAVE_IOCTL_SIOCGIFADDR  -DHAVE_WINDOWS_H -DHAVE_WS2TCPIP_H -DHAVE_WINSOCK2_H -DHAVE_WINCRYPT_H -DHAVE_INTTYPES_H -DHAVE_SYS_STAT_H -DHAVE_SYS_TYPES_H -DHAVE_SYS_UTIME_H -DHAVE_FCNTL_H -DHAVE_IO_H -DHAVE_LOCALE_H -DHAVE_SETJMP_H -DHAVE_SIGNAL_H -DHAVE_STDBOOL_H -DHAVE_STDINT_H -DHAVE_STDLIB_H -DHAVE_STRING_H -DHAVE_TIME_H -DHAVE_STDDEF_H /D_DEBUG /MDd /Z7 /Ob0 /Od /RTC1  -MDd /showIncludes /FoCMakeFiles\cmTC_acdf7.dir\CurlTests.c.obj /FdCMakeFiles\cmTC_acdf7.dir\ /FS -c D:\Programming\Battleship\Game\testDemo\vcpkg_installed\vcpkg\blds\curl\src\curl-8_2_1-1a1f01a28f.clean\CMake\CurlTests.c
D:\Programming\Battleship\Game\testDemo\vcpkg_installed\vcpkg\blds\curl\src\curl-8_2_1-1a1f01a28f.clean\CMake\CurlTests.c(348): fatal error C1083: Cannot open include file: 'net/if.h': No such file or directory
ninja: build stopped: subcommand failed.


Performing Curl Test HAVE_SETSOCKOPT_SO_NONBLOCK failed with the following output:
Change Dir: 'D:/Programming/Battleship/Game/testDemo/vcpkg_installed/vcpkg/blds/curl/x64-windows-dbg/CMakeFiles/CMakeTmp'

Run Build Command(s): "C:/Program Files/Microsoft Visual Studio/2022/Community/Common7/IDE/CommonExtensions/Microsoft/CMake/Ninja/ninja.exe" -v cmTC_aafaa
[1/2] C:\PROGRA~1\MICROS~3\2022\COMMUN~1\VC\Tools\MSVC\1438~1.331\bin\Hostx64\x64\cl.exe  /nologo   /nologo /DWIN32 /D_WINDOWS /W3 /utf-8 /MP  -DHAVE_SETSOCKOPT_SO_NONBLOCK  -DHAVE_WINDOWS_H -DHAVE_WS2TCPIP_H -DHAVE_WINSOCK2_H -DHAVE_WINCRYPT_H -DHAVE_INTTYPES_H -DHAVE_SYS_STAT_H -DHAVE_SYS_TYPES_H -DHAVE_SYS_UTIME_H -DHAVE_FCNTL_H -DHAVE_IO_H -DHAVE_LOCALE_H -DHAVE_SETJMP_H -DHAVE_SIGNAL_H -DHAVE_STDBOOL_H -DHAVE_STDINT_H -DHAVE_STDLIB_H -DHAVE_STRING_H -DHAVE_TIME_H -DHAVE_STDDEF_H /D_DEBUG /MDd /Z7 /Ob0 /Od /RTC1  -MDd /showIncludes /FoCMakeFiles\cmTC_aafaa.dir\CurlTests.c.obj /FdCMakeFiles\cmTC_aafaa.dir\ /FS -c D:\Programming\Battleship\Game\testDemo\vcpkg_installed\vcpkg\blds\curl\src\curl-8_2_1-1a1f01a28f.clean\CMake\CurlTests.c
FAILED: CMakeFiles/cmTC_aafaa.dir/CurlTests.c.obj 
C:\PROGRA~1\MICROS~3\2022\COMMUN~1\VC\Tools\MSVC\1438~1.331\bin\Hostx64\x64\cl.exe  /nologo   /nologo /DWIN32 /D_WINDOWS /W3 /utf-8 /MP  -DHAVE_SETSOCKOPT_SO_NONBLOCK  -DHAVE_WINDOWS_H -DHAVE_WS2TCPIP_H -DHAVE_WINSOCK2_H -DHAVE_WINCRYPT_H -DHAVE_INTTYPES_H -DHAVE_SYS_STAT_H -DHAVE_SYS_TYPES_H -DHAVE_SYS_UTIME_H -DHAVE_FCNTL_H -DHAVE_IO_H -DHAVE_LOCALE_H -DHAVE_SETJMP_H -DHAVE_SIGNAL_H -DHAVE_STDBOOL_H -DHAVE_STDINT_H -DHAVE_STDLIB_H -DHAVE_STRING_H -DHAVE_TIME_H -DHAVE_STDDEF_H /D_DEBUG /MDd /Z7 /Ob0 /Od /RTC1  -MDd /showIncludes /FoCMakeFiles\cmTC_aafaa.dir\CurlTests.c.obj /FdCMakeFiles\cmTC_aafaa.dir\ /FS -c D:\Programming\Battleship\Game\testDemo\vcpkg_installed\vcpkg\blds\curl\src\curl-8_2_1-1a1f01a28f.clean\CMake\CurlTests.c
D:\Programming\Battleship\Game\testDemo\vcpkg_installed\vcpkg\blds\curl\src\curl-8_2_1-1a1f01a28f.clean\CMake\CurlTests.c(384): error C2065: 'SO_NONBLOCK': undeclared identifier
ninja: build stopped: subcommand failed.


Performing Curl Test HAVE_FILE_OFFSET_BITS failed with the following output:
Change Dir: 'D:/Programming/Battleship/Game/testDemo/vcpkg_installed/vcpkg/blds/curl/x64-windows-dbg/CMakeFiles/CMakeTmp'

Run Build Command(s): "C:/Program Files/Microsoft Visual Studio/2022/Community/Common7/IDE/CommonExtensions/Microsoft/CMake/Ninja/ninja.exe" -v cmTC_1e9e6
[1/2] C:\PROGRA~1\MICROS~3\2022\COMMUN~1\VC\Tools\MSVC\1438~1.331\bin\Hostx64\x64\cl.exe  /nologo   /nologo /DWIN32 /D_WINDOWS /W3 /utf-8 /MP  -DHAVE_FILE_OFFSET_BITS  -DHAVE_WINDOWS_H -DHAVE_WS2TCPIP_H -DHAVE_WINSOCK2_H -DHAVE_WINCRYPT_H -DHAVE_INTTYPES_H -DHAVE_SYS_STAT_H -DHAVE_SYS_TYPES_H -DHAVE_SYS_UTIME_H -DHAVE_FCNTL_H -DHAVE_IO_H -DHAVE_LOCALE_H -DHAVE_SETJMP_H -DHAVE_SIGNAL_H -DHAVE_STDBOOL_H -DHAVE_STDINT_H -DHAVE_STDLIB_H -DHAVE_STRING_H -DHAVE_TIME_H -DHAVE_STDDEF_H /D_DEBUG /MDd /Z7 /Ob0 /Od /RTC1  -MDd /showIncludes /FoCMakeFiles\cmTC_1e9e6.dir\CurlTests.c.obj /FdCMakeFiles\cmTC_1e9e6.dir\ /FS -c D:\Programming\Battleship\Game\testDemo\vcpkg_installed\vcpkg\blds\curl\src\curl-8_2_1-1a1f01a28f.clean\CMake\CurlTests.c
FAILED: CMakeFiles/cmTC_1e9e6.dir/CurlTests.c.obj 
C:\PROGRA~1\MICROS~3\2022\COMMUN~1\VC\Tools\MSVC\1438~1.331\bin\Hostx64\x64\cl.exe  /nologo   /nologo /DWIN32 /D_WINDOWS /W3 /utf-8 /MP  -DHAVE_FILE_OFFSET_BITS  -DHAVE_WINDOWS_H -DHAVE_WS2TCPIP_H -DHAVE_WINSOCK2_H -DHAVE_WINCRYPT_H -DHAVE_INTTYPES_H -DHAVE_SYS_STAT_H -DHAVE_SYS_TYPES_H -DHAVE_SYS_UTIME_H -DHAVE_FCNTL_H -DHAVE_IO_H -DHAVE_LOCALE_H -DHAVE_SETJMP_H -DHAVE_SIGNAL_H -DHAVE_STDBOOL_H -DHAVE_STDINT_H -DHAVE_STDLIB_H -DHAVE_STRING_H -DHAVE_TIME_H -DHAVE_STDDEF_H /D_DEBUG /MDd /Z7 /Ob0 /Od /RTC1  -MDd /showIncludes /FoCMakeFiles\cmTC_1e9e6.dir\CurlTests.c.obj /FdCMakeFiles\cmTC_1e9e6.dir\ /FS -c D:\Programming\Battleship\Game\testDemo\vcpkg_installed\vcpkg\blds\curl\src\curl-8_2_1-1a1f01a28f.clean\CMake\CurlTests.c
D:\Programming\Battleship\Game\testDemo\vcpkg_installed\vcpkg\blds\curl\src\curl-8_2_1-1a1f01a28f.clean\CMake\CurlTests.c(198): warning C4293: '<<': shift count negative or too big, undefined behavior
D:\Programming\Battleship\Game\testDemo\vcpkg_installed\vcpkg\blds\curl\src\curl-8_2_1-1a1f01a28f.clean\CMake\CurlTests.c(199): warning C4293: '<<': shift count negative or too big, undefined behavior
D:\Programming\Battleship\Game\testDemo\vcpkg_installed\vcpkg\blds\curl\src\curl-8_2_1-1a1f01a28f.clean\CMake\CurlTests.c(198): error C2118: negative subscript
ninja: build stopped: subcommand failed.


Performing Curl Test HAVE_VARIADIC_MACROS_GCC failed with the following output:
Change Dir: 'D:/Programming/Battleship/Game/testDemo/vcpkg_installed/vcpkg/blds/curl/x64-windows-dbg/CMakeFiles/CMakeTmp'

Run Build Command(s): "C:/Program Files/Microsoft Visual Studio/2022/Community/Common7/IDE/CommonExtensions/Microsoft/CMake/Ninja/ninja.exe" -v cmTC_0382d
[1/2] C:\PROGRA~1\MICROS~3\2022\COMMUN~1\VC\Tools\MSVC\1438~1.331\bin\Hostx64\x64\cl.exe  /nologo   /nologo /DWIN32 /D_WINDOWS /W3 /utf-8 /MP  -DHAVE_VARIADIC_MACROS_GCC  -DHAVE_WINDOWS_H -DHAVE_WS2TCPIP_H -DHAVE_WINSOCK2_H -DHAVE_WINCRYPT_H -DHAVE_INTTYPES_H -DHAVE_SYS_STAT_H -DHAVE_SYS_TYPES_H -DHAVE_SYS_UTIME_H -DHAVE_FCNTL_H -DHAVE_IO_H -DHAVE_LOCALE_H -DHAVE_SETJMP_H -DHAVE_SIGNAL_H -DHAVE_STDBOOL_H -DHAVE_STDINT_H -DHAVE_STDLIB_H -DHAVE_STRING_H -DHAVE_TIME_H -DHAVE_STDDEF_H /D_DEBUG /MDd /Z7 /Ob0 /Od /RTC1  -MDd /showIncludes /FoCMakeFiles\cmTC_0382d.dir\CurlTests.c.obj /FdCMakeFiles\cmTC_0382d.dir\ /FS -c D:\Programming\Battleship\Game\testDemo\vcpkg_installed\vcpkg\blds\curl\src\curl-8_2_1-1a1f01a28f.clean\CMake\CurlTests.c
FAILED: CMakeFiles/cmTC_0382d.dir/CurlTests.c.obj 
C:\PROGRA~1\MICROS~3\2022\COMMUN~1\VC\Tools\MSVC\1438~1.331\bin\Hostx64\x64\cl.exe  /nologo   /nologo /DWIN32 /D_WINDOWS /W3 /utf-8 /MP  -DHAVE_VARIADIC_MACROS_GCC  -DHAVE_WINDOWS_H -DHAVE_WS2TCPIP_H -DHAVE_WINSOCK2_H -DHAVE_WINCRYPT_H -DHAVE_INTTYPES_H -DHAVE_SYS_STAT_H -DHAVE_SYS_TYPES_H -DHAVE_SYS_UTIME_H -DHAVE_FCNTL_H -DHAVE_IO_H -DHAVE_LOCALE_H -DHAVE_SETJMP_H -DHAVE_SIGNAL_H -DHAVE_STDBOOL_H -DHAVE_STDINT_H -DHAVE_STDLIB_H -DHAVE_STRING_H -DHAVE_TIME_H -DHAVE_STDDEF_H /D_DEBUG /MDd /Z7 /Ob0 /Od /RTC1  -MDd /showIncludes /FoCMakeFiles\cmTC_0382d.dir\CurlTests.c.obj /FdCMakeFiles\cmTC_0382d.dir\ /FS -c D:\Programming\Battleship\Game\testDemo\vcpkg_installed\vcpkg\blds\curl\src\curl-8_2_1-1a1f01a28f.clean\CMake\CurlTests.c
D:\Programming\Battleship\Game\testDemo\vcpkg_installed\vcpkg\blds\curl\src\curl-8_2_1-1a1f01a28f.clean\CMake\CurlTests.c(475): error C2010: '.': unexpected in macro parameter list
D:\Programming\Battleship\Game\testDemo\vcpkg_installed\vcpkg\blds\curl\src\curl-8_2_1-1a1f01a28f.clean\CMake\CurlTests.c(476): error C2010: '.': unexpected in macro parameter list
ninja: build stopped: subcommand failed.


Performing Curl Test HAVE_ATOMIC failed with the following output:
Change Dir: 'D:/Programming/Battleship/Game/testDemo/vcpkg_installed/vcpkg/blds/curl/x64-windows-dbg/CMakeFiles/CMakeTmp'

Run Build Command(s): "C:/Program Files/Microsoft Visual Studio/2022/Community/Common7/IDE/CommonExtensions/Microsoft/CMake/Ninja/ninja.exe" -v cmTC_a798b
[1/2] C:\PROGRA~1\MICROS~3\2022\COMMUN~1\VC\Tools\MSVC\1438~1.331\bin\Hostx64\x64\cl.exe  /nologo   /nologo /DWIN32 /D_WINDOWS /W3 /utf-8 /MP  -DHAVE_ATOMIC  -DHAVE_WINDOWS_H -DHAVE_WS2TCPIP_H -DHAVE_WINSOCK2_H -DHAVE_WINCRYPT_H -DHAVE_INTTYPES_H -DHAVE_SYS_STAT_H -DHAVE_SYS_TYPES_H -DHAVE_SYS_UTIME_H -DHAVE_FCNTL_H -DHAVE_IO_H -DHAVE_LOCALE_H -DHAVE_SETJMP_H -DHAVE_SIGNAL_H -DHAVE_STDBOOL_H -DHAVE_STDINT_H -DHAVE_STDLIB_H -DHAVE_STRING_H -DHAVE_TIME_H -DHAVE_STDDEF_H /D_DEBUG /MDd /Z7 /Ob0 /Od /RTC1  -MDd /showIncludes /FoCMakeFiles\cmTC_a798b.dir\CurlTests.c.obj /FdCMakeFiles\cmTC_a798b.dir\ /FS -c D:\Programming\Battleship\Game\testDemo\vcpkg_installed\vcpkg\blds\curl\src\curl-8_2_1-1a1f01a28f.clean\CMake\CurlTests.c
FAILED: CMakeFiles/cmTC_a798b.dir/CurlTests.c.obj 
C:\PROGRA~1\MICROS~3\2022\COMMUN~1\VC\Tools\MSVC\1438~1.331\bin\Hostx64\x64\cl.exe  /nologo   /nologo /DWIN32 /D_WINDOWS /W3 /utf-8 /MP  -DHAVE_ATOMIC  -DHAVE_WINDOWS_H -DHAVE_WS2TCPIP_H -DHAVE_WINSOCK2_H -DHAVE_WINCRYPT_H -DHAVE_INTTYPES_H -DHAVE_SYS_STAT_H -DHAVE_SYS_TYPES_H -DHAVE_SYS_UTIME_H -DHAVE_FCNTL_H -DHAVE_IO_H -DHAVE_LOCALE_H -DHAVE_SETJMP_H -DHAVE_SIGNAL_H -DHAVE_STDBOOL_H -DHAVE_STDINT_H -DHAVE_STDLIB_H -DHAVE_STRING_H -DHAVE_TIME_H -DHAVE_STDDEF_H /D_DEBUG /MDd /Z7 /Ob0 /Od /RTC1  -MDd /showIncludes /FoCMakeFiles\cmTC_a798b.dir\CurlTests.c.obj /FdCMakeFiles\cmTC_a798b.dir\ /FS -c D:\Programming\Battleship\Game\testDemo\vcpkg_installed\vcpkg\blds\curl\src\curl-8_2_1-1a1f01a28f.clean\CMake\CurlTests.c
D:\Programming\Battleship\Game\testDemo\vcpkg_installed\vcpkg\blds\curl\src\curl-8_2_1-1a1f01a28f.clean\CMake\CurlTests.c(512): error C2065: '_Atomic': undeclared identifier
D:\Programming\Battleship\Game\testDemo\vcpkg_installed\vcpkg\blds\curl\src\curl-8_2_1-1a1f01a28f.clean\CMake\CurlTests.c(512): error C2143: syntax error: missing ';' before 'type'
ninja: build stopped: subcommand failed.


Performing Curl Test HAVE_GLIBC_STRERROR_R failed with the following output:
Change Dir: 'D:/Programming/Battleship/Game/testDemo/vcpkg_installed/vcpkg/blds/curl/x64-windows-dbg/CMakeFiles/CMakeTmp'

Run Build Command(s): "C:/Program Files/Microsoft Visual Studio/2022/Community/Common7/IDE/CommonExtensions/Microsoft/CMake/Ninja/ninja.exe" -v cmTC_58010
[1/2] C:\PROGRA~1\MICROS~3\2022\COMMUN~1\VC\Tools\MSVC\1438~1.331\bin\Hostx64\x64\cl.exe  /nologo   /nologo /DWIN32 /D_WINDOWS /W3 /utf-8 /MP  -DHAVE_GLIBC_STRERROR_R  -DHAVE_WINDOWS_H -DHAVE_WS2TCPIP_H -DHAVE_WINSOCK2_H -DHAVE_WINCRYPT_H -DHAVE_INTTYPES_H -DHAVE_SYS_STAT_H -DHAVE_SYS_TYPES_H -DHAVE_SYS_UTIME_H -DHAVE_FCNTL_H -DHAVE_IO_H -DHAVE_LOCALE_H -DHAVE_SETJMP_H -DHAVE_SIGNAL_H -DHAVE_STDBOOL_H -DHAVE_STDINT_H -DHAVE_STDLIB_H -DHAVE_STRING_H -DHAVE_TIME_H -DHAVE_STDDEF_H /D_DEBUG /MDd /Z7 /Ob0 /Od /RTC1  -MDd /showIncludes /FoCMakeFiles\cmTC_58010.dir\CurlTests.c.obj /FdCMakeFiles\cmTC_58010.dir\ /FS -c D:\Programming\Battleship\Game\testDemo\vcpkg_installed\vcpkg\blds\curl\src\curl-8_2_1-1a1f01a28f.clean\CMake\CurlTests.c
FAILED: CMakeFiles/cmTC_58010.dir/CurlTests.c.obj 
C:\PROGRA~1\MICROS~3\2022\COMMUN~1\VC\Tools\MSVC\1438~1.331\bin\Hostx64\x64\cl.exe  /nologo   /nologo /DWIN32 /D_WINDOWS /W3 /utf-8 /MP  -DHAVE_GLIBC_STRERROR_R  -DHAVE_WINDOWS_H -DHAVE_WS2TCPIP_H -DHAVE_WINSOCK2_H -DHAVE_WINCRYPT_H -DHAVE_INTTYPES_H -DHAVE_SYS_STAT_H -DHAVE_SYS_TYPES_H -DHAVE_SYS_UTIME_H -DHAVE_FCNTL_H -DHAVE_IO_H -DHAVE_LOCALE_H -DHAVE_SETJMP_H -DHAVE_SIGNAL_H -DHAVE_STDBOOL_H -DHAVE_STDINT_H -DHAVE_STDLIB_H -DHAVE_STRING_H -DHAVE_TIME_H -DHAVE_STDDEF_H /D_DEBUG /MDd /Z7 /Ob0 /Od /RTC1  -MDd /showIncludes /FoCMakeFiles\cmTC_58010.dir\CurlTests.c.obj /FdCMakeFiles\cmTC_58010.dir\ /FS -c D:\Programming\Battleship\Game\testDemo\vcpkg_installed\vcpkg\blds\curl\src\curl-8_2_1-1a1f01a28f.clean\CMake\CurlTests.c
D:\Programming\Battleship\Game\testDemo\vcpkg_installed\vcpkg\blds\curl\src\curl-8_2_1-1a1f01a28f.clean\CMake\CurlTests.c(400): warning C4013: 'strerror_r' undefined; assuming extern returning int
D:\Programming\Battleship\Game\testDemo\vcpkg_installed\vcpkg\blds\curl\src\curl-8_2_1-1a1f01a28f.clean\CMake\CurlTests.c(400): error C2109: subscript requires array or pointer type
D:\Programming\Battleship\Game\testDemo\vcpkg_installed\vcpkg\blds\curl\src\curl-8_2_1-1a1f01a28f.clean\CMake\CurlTests.c(400): error C2198: 'check': too few arguments for call
ninja: build stopped: subcommand failed.


Performing Curl Test HAVE_POSIX_STRERROR_R failed with the following output:
Change Dir: 'D:/Programming/Battleship/Game/testDemo/vcpkg_installed/vcpkg/blds/curl/x64-windows-dbg/CMakeFiles/CMakeTmp'

Run Build Command(s): "C:/Program Files/Microsoft Visual Studio/2022/Community/Common7/IDE/CommonExtensions/Microsoft/CMake/Ninja/ninja.exe" -v cmTC_a9166
[1/2] C:\PROGRA~1\MICROS~3\2022\COMMUN~1\VC\Tools\MSVC\1438~1.331\bin\Hostx64\x64\cl.exe  /nologo   /nologo /DWIN32 /D_WINDOWS /W3 /utf-8 /MP  -DHAVE_POSIX_STRERROR_R  -DHAVE_WINDOWS_H -DHAVE_WS2TCPIP_H -DHAVE_WINSOCK2_H -DHAVE_WINCRYPT_H -DHAVE_INTTYPES_H -DHAVE_SYS_STAT_H -DHAVE_SYS_TYPES_H -DHAVE_SYS_UTIME_H -DHAVE_FCNTL_H -DHAVE_IO_H -DHAVE_LOCALE_H -DHAVE_SETJMP_H -DHAVE_SIGNAL_H -DHAVE_STDBOOL_H -DHAVE_STDINT_H -DHAVE_STDLIB_H -DHAVE_STRING_H -DHAVE_TIME_H -DHAVE_STDDEF_H /D_DEBUG /MDd /Z7 /Ob0 /Od /RTC1  -MDd /showIncludes /FoCMakeFiles\cmTC_a9166.dir\CurlTests.c.obj /FdCMakeFiles\cmTC_a9166.dir\ /FS -c D:\Programming\Battleship\Game\testDemo\vcpkg_installed\vcpkg\blds\curl\src\curl-8_2_1-1a1f01a28f.clean\CMake\CurlTests.c
D:\Programming\Battleship\Game\testDemo\vcpkg_installed\vcpkg\blds\curl\src\curl-8_2_1-1a1f01a28f.clean\CMake\CurlTests.c(415): warning C4013: 'strerror_r' undefined; assuming extern returning int
D:\Programming\Battleship\Game\testDemo\vcpkg_installed\vcpkg\blds\curl\src\curl-8_2_1-1a1f01a28f.clean\CMake\CurlTests.c(415): warning C4244: 'function': conversion from 'int' to 'float', possible loss of data
[2/2] cmd.exe /C "cd . && "C:\Program Files\Microsoft Visual Studio\2022\Community\Common7\IDE\CommonExtensions\Microsoft\CMake\CMake\bin\cmake.exe" -E vs_link_exe --intdir=CMakeFiles\cmTC_a9166.dir --rc=C:\PROGRA~2\WI3CF2~1\10\bin\100226~1.0\x64\rc.exe --mt=C:\PROGRA~2\WI3CF2~1\10\bin\100226~1.0\x64\mt.exe --manifests  -- C:\PROGRA~1\MICROS~3\2022\COMMUN~1\VC\Tools\MSVC\1438~1.331\bin\Hostx64\x64\link.exe /nologo CMakeFiles\cmTC_a9166.dir\CurlTests.c.obj  /out:cmTC_a9166.exe /implib:cmTC_a9166.lib /pdb:cmTC_a9166.pdb /version:0.0 /machine:x64  /debug /INCREMENTAL /subsystem:console  ws2_32.lib  kernel32.lib user32.lib gdi32.lib winspool.lib shell32.lib ole32.lib oleaut32.lib uuid.lib comdlg32.lib advapi32.lib && cd ."
FAILED: cmTC_a9166.exe 
cmd.exe /C "cd . && "C:\Program Files\Microsoft Visual Studio\2022\Community\Common7\IDE\CommonExtensions\Microsoft\CMake\CMake\bin\cmake.exe" -E vs_link_exe --intdir=CMakeFiles\cmTC_a9166.dir --rc=C:\PROGRA~2\WI3CF2~1\10\bin\100226~1.0\x64\rc.exe --mt=C:\PROGRA~2\WI3CF2~1\10\bin\100226~1.0\x64\mt.exe --manifests  -- C:\PROGRA~1\MICROS~3\2022\COMMUN~1\VC\Tools\MSVC\1438~1.331\bin\Hostx64\x64\link.exe /nologo CMakeFiles\cmTC_a9166.dir\CurlTests.c.obj  /out:cmTC_a9166.exe /implib:cmTC_a9166.lib /pdb:cmTC_a9166.pdb /version:0.0 /machine:x64  /debug /INCREMENTAL /subsystem:console  ws2_32.lib  kernel32.lib user32.lib gdi32.lib winspool.lib shell32.lib ole32.lib oleaut32.lib uuid.lib comdlg32.lib advapi32.lib && cd ."
LINK Pass 1: command "C:\PROGRA~1\MICROS~3\2022\COMMUN~1\VC\Tools\MSVC\1438~1.331\bin\Hostx64\x64\link.exe /nologo CMakeFiles\cmTC_a9166.dir\CurlTests.c.obj /out:cmTC_a9166.exe /implib:cmTC_a9166.lib /pdb:cmTC_a9166.pdb /version:0.0 /machine:x64 /debug /INCREMENTAL /subsystem:console ws2_32.lib kernel32.lib user32.lib gdi32.lib winspool.lib shell32.lib ole32.lib oleaut32.lib uuid.lib comdlg32.lib advapi32.lib /MANIFEST /MANIFESTFILE:CMakeFiles\cmTC_a9166.dir/intermediate.manifest CMakeFiles\cmTC_a9166.dir/manifest.res" failed (exit code 1120) with the following output:
CurlTests.c.obj : error LNK2019: unresolved external symbol strerror_r referenced in function main
cmTC_a9166.exe : fatal error LNK1120: 1 unresolved externals
ninja: build stopped: subcommand failed.


Performing Curl Test HAVE_CLOCK_GETTIME_MONOTONIC failed with the following output:
Change Dir: 'D:/Programming/Battleship/Game/testDemo/vcpkg_installed/vcpkg/blds/curl/x64-windows-dbg/CMakeFiles/CMakeTmp'

Run Build Command(s): "C:/Program Files/Microsoft Visual Studio/2022/Community/Common7/IDE/CommonExtensions/Microsoft/CMake/Ninja/ninja.exe" -v cmTC_8b136
[1/2] C:\PROGRA~1\MICROS~3\2022\COMMUN~1\VC\Tools\MSVC\1438~1.331\bin\Hostx64\x64\cl.exe  /nologo   /nologo /DWIN32 /D_WINDOWS /W3 /utf-8 /MP  -DHAVE_CLOCK_GETTIME_MONOTONIC  -DHAVE_WINDOWS_H -DHAVE_WS2TCPIP_H -DHAVE_WINSOCK2_H -DHAVE_WINCRYPT_H -DHAVE_INTTYPES_H -DHAVE_SYS_STAT_H -DHAVE_SYS_TYPES_H -DHAVE_SYS_UTIME_H -DHAVE_FCNTL_H -DHAVE_IO_H -DHAVE_LOCALE_H -DHAVE_SETJMP_H -DHAVE_SIGNAL_H -DHAVE_STDBOOL_H -DHAVE_STDINT_H -DHAVE_STDLIB_H -DHAVE_STRING_H -DHAVE_TIME_H -DHAVE_STDDEF_H /D_DEBUG /MDd /Z7 /Ob0 /Od /RTC1  -MDd /showIncludes /FoCMakeFiles\cmTC_8b136.dir\CurlTests.c.obj /FdCMakeFiles\cmTC_8b136.dir\ /FS -c D:\Programming\Battleship\Game\testDemo\vcpkg_installed\vcpkg\blds\curl\src\curl-8_2_1-1a1f01a28f.clean\CMake\CurlTests.c
FAILED: CMakeFiles/cmTC_8b136.dir/CurlTests.c.obj 
C:\PROGRA~1\MICROS~3\2022\COMMUN~1\VC\Tools\MSVC\1438~1.331\bin\Hostx64\x64\cl.exe  /nologo   /nologo /DWIN32 /D_WINDOWS /W3 /utf-8 /MP  -DHAVE_CLOCK_GETTIME_MONOTONIC  -DHAVE_WINDOWS_H -DHAVE_WS2TCPIP_H -DHAVE_WINSOCK2_H -DHAVE_WINCRYPT_H -DHAVE_INTTYPES_H -DHAVE_SYS_STAT_H -DHAVE_SYS_TYPES_H -DHAVE_SYS_UTIME_H -DHAVE_FCNTL_H -DHAVE_IO_H -DHAVE_LOCALE_H -DHAVE_SETJMP_H -DHAVE_SIGNAL_H -DHAVE_STDBOOL_H -DHAVE_STDINT_H -DHAVE_STDLIB_H -DHAVE_STRING_H -DHAVE_TIME_H -DHAVE_STDDEF_H /D_DEBUG /MDd /Z7 /Ob0 /Od /RTC1  -MDd /showIncludes /FoCMakeFiles\cmTC_8b136.dir\CurlTests.c.obj /FdCMakeFiles\cmTC_8b136.dir\ /FS -c D:\Programming\Battleship\Game\testDemo\vcpkg_installed\vcpkg\blds\curl\src\curl-8_2_1-1a1f01a28f.clean\CMake\CurlTests.c
D:\Programming\Battleship\Game\testDemo\vcpkg_installed\vcpkg\blds\curl\src\curl-8_2_1-1a1f01a28f.clean\CMake\CurlTests.c(440): warning C4013: 'clock_gettime' undefined; assuming extern returning int
D:\Programming\Battleship\Game\testDemo\vcpkg_installed\vcpkg\blds\curl\src\curl-8_2_1-1a1f01a28f.clean\CMake\CurlTests.c(440): error C2065: 'CLOCK_MONOTONIC': undeclared identifier
ninja: build stopped: subcommand failed.


Performing Curl Test HAVE_BUILTIN_AVAILABLE failed with the following output:
Change Dir: 'D:/Programming/Battleship/Game/testDemo/vcpkg_installed/vcpkg/blds/curl/x64-windows-dbg/CMakeFiles/CMakeTmp'

Run Build Command(s): "C:/Program Files/Microsoft Visual Studio/2022/Community/Common7/IDE/CommonExtensions/Microsoft/CMake/Ninja/ninja.exe" -v cmTC_87a5b
[1/2] C:\PROGRA~1\MICROS~3\2022\COMMUN~1\VC\Tools\MSVC\1438~1.331\bin\Hostx64\x64\cl.exe  /nologo   /nologo /DWIN32 /D_WINDOWS /W3 /utf-8 /MP  -DHAVE_BUILTIN_AVAILABLE  -DHAVE_WINDOWS_H -DHAVE_WS2TCPIP_H -DHAVE_WINSOCK2_H -DHAVE_WINCRYPT_H -DHAVE_INTTYPES_H -DHAVE_SYS_STAT_H -DHAVE_SYS_TYPES_H -DHAVE_SYS_UTIME_H -DHAVE_FCNTL_H -DHAVE_IO_H -DHAVE_LOCALE_H -DHAVE_SETJMP_H -DHAVE_SIGNAL_H -DHAVE_STDBOOL_H -DHAVE_STDINT_H -DHAVE_STDLIB_H -DHAVE_STRING_H -DHAVE_TIME_H -DHAVE_STDDEF_H /D_DEBUG /MDd /Z7 /Ob0 /Od /RTC1  -MDd /showIncludes /FoCMakeFiles\cmTC_87a5b.dir\CurlTests.c.obj /FdCMakeFiles\cmTC_87a5b.dir\ /FS -c D:\Programming\Battleship\Game\testDemo\vcpkg_installed\vcpkg\blds\curl\src\curl-8_2_1-1a1f01a28f.clean\CMake\CurlTests.c
FAILED: CMakeFiles/cmTC_87a5b.dir/CurlTests.c.obj 
C:\PROGRA~1\MICROS~3\2022\COMMUN~1\VC\Tools\MSVC\1438~1.331\bin\Hostx64\x64\cl.exe  /nologo   /nologo /DWIN32 /D_WINDOWS /W3 /utf-8 /MP  -DHAVE_BUILTIN_AVAILABLE  -DHAVE_WINDOWS_H -DHAVE_WS2TCPIP_H -DHAVE_WINSOCK2_H -DHAVE_WINCRYPT_H -DHAVE_INTTYPES_H -DHAVE_SYS_STAT_H -DHAVE_SYS_TYPES_H -DHAVE_SYS_UTIME_H -DHAVE_FCNTL_H -DHAVE_IO_H -DHAVE_LOCALE_H -DHAVE_SETJMP_H -DHAVE_SIGNAL_H -DHAVE_STDBOOL_H -DHAVE_STDINT_H -DHAVE_STDLIB_H -DHAVE_STRING_H -DHAVE_TIME_H -DHAVE_STDDEF_H /D_DEBUG /MDd /Z7 /Ob0 /Od /RTC1  -MDd /showIncludes /FoCMakeFiles\cmTC_87a5b.dir\CurlTests.c.obj /FdCMakeFiles\cmTC_87a5b.dir\ /FS -c D:\Programming\Battleship\Game\testDemo\vcpkg_installed\vcpkg\blds\curl\src\curl-8_2_1-1a1f01a28f.clean\CMake\CurlTests.c
D:\Programming\Battleship\Game\testDemo\vcpkg_installed\vcpkg\blds\curl\src\curl-8_2_1-1a1f01a28f.clean\CMake\CurlTests.c(447): warning C4013: '__builtin_available' undefined; assuming extern returning int
D:\Programming\Battleship\Game\testDemo\vcpkg_installed\vcpkg\blds\curl\src\curl-8_2_1-1a1f01a28f.clean\CMake\CurlTests.c(447): error C2065: 'macOS': undeclared identifier
D:\Programming\Battleship\Game\testDemo\vcpkg_installed\vcpkg\blds\curl\src\curl-8_2_1-1a1f01a28f.clean\CMake\CurlTests.c(447): error C2143: syntax error: missing ')' before 'constant'
D:\Programming\Battleship\Game\testDemo\vcpkg_installed\vcpkg\blds\curl\src\curl-8_2_1-1a1f01a28f.clean\CMake\CurlTests.c(447): error C2059: syntax error: ')'
D:\Programming\Battleship\Game\testDemo\vcpkg_installed\vcpkg\blds\curl\src\curl-8_2_1-1a1f01a28f.clean\CMake\CurlTests.c(447): error C2059: syntax error: ')'
ninja: build stopped: subcommand failed.


