Performing Curl Test HAVE_FCNTL_O_NONBLOCK failed with the following output:
Change Dir: 'D:/Programming/Battleship/Game/testDemo/vcpkg_installed/vcpkg/blds/curl/x64-windows-rel/CMakeFiles/CMakeTmp'

Run Build Command(s): "C:/Program Files/Microsoft Visual Studio/2022/Community/Common7/IDE/CommonExtensions/Microsoft/CMake/Ninja/ninja.exe" -v cmTC_469cc
[1/2] C:\PROGRA~1\MICROS~3\2022\COMMUN~1\VC\Tools\MSVC\1438~1.331\bin\Hostx64\x64\cl.exe  /nologo   /nologo /DWIN32 /D_WINDOWS /W3 /utf-8 /MP  -DHAVE_FCNTL_O_NONBLOCK  -DHAVE_WINDOWS_H -DHAVE_WS2TCPIP_H -DHAVE_WINSOCK2_H -DHAVE_WINCRYPT_H -DHAVE_INTTYPES_H -DHAVE_SYS_STAT_H -DHAVE_SYS_TYPES_H -DHAVE_SYS_UTIME_H -DHAVE_FCNTL_H -DHAVE_IO_H -DHAVE_LOCALE_H -DHAVE_SETJMP_H -DHAVE_SIGNAL_H -DHAVE_STDBOOL_H -DHAVE_STDINT_H -DHAVE_STDLIB_H -DHAVE_STRING_H -DHAVE_TIME_H -DHAVE_STDDEF_H /D_DEBUG /MDd /Z7 /Ob0 /Od /RTC1  -MDd /showIncludes /FoCMakeFiles\cmTC_469cc.dir\CurlTests.c.obj /FdCMakeFiles\cmTC_469cc.dir\ /FS -c D:\Programming\Battleship\Game\testDemo\vcpkg_installed\vcpkg\blds\curl\src\curl-8_2_1-1a1f01a28f.clean\CMake\CurlTests.c
FAILED: CMakeFiles/cmTC_469cc.dir/CurlTests.c.obj 
C:\PROGRA~1\MICROS~3\2022\COMMUN~1\VC\Tools\MSVC\1438~1.331\bin\Hostx64\x64\cl.exe  /nologo   /nologo /DWIN32 /D_WINDOWS /W3 /utf-8 /MP  -DHAVE_FCNTL_O_NONBLOCK  -DHAVE_WINDOWS_H -DHAVE_WS2TCPIP_H -DHAVE_WINSOCK2_H -DHAVE_WINCRYPT_H -DHAVE_INTTYPES_H -DHAVE_SYS_STAT_H -DHAVE_SYS_TYPES_H -DHAVE_SYS_UTIME_H -DHAVE_FCNTL_H -DHAVE_IO_H -DHAVE_LOCALE_H -DHAVE_SETJMP_H -DHAVE_SIGNAL_H -DHAVE_STDBOOL_H -DHAVE_STDINT_H -DHAVE_STDLIB_H -DHAVE_STRING_H -DHAVE_TIME_H -DHAVE_STDDEF_H /D_DEBUG /MDd /Z7 /Ob0 /Od /RTC1  -MDd /showIncludes /FoCMakeFiles\cmTC_469cc.dir\CurlTests.c.obj /FdCMakeFiles\cmTC_469cc.dir\ /FS -c D:\Programming\Battleship\Game\testDemo\vcpkg_installed\vcpkg\blds\curl\src\curl-8_2_1-1a1f01a28f.clean\CMake\CurlTests.c
D:\Programming\Battleship\Game\testDemo\vcpkg_installed\vcpkg\blds\curl\src\curl-8_2_1-1a1f01a28f.clean\CMake\CurlTests.c(46): fatal error C1083: Cannot open include file: 'unistd.h': No such file or directory
ninja: build stopped: subcommand failed.


Performing Curl Test HAVE_IOCTLSOCKET_CAMEL failed with the following output:
Change Dir: 'D:/Programming/Battleship/Game/testDemo/vcpkg_installed/vcpkg/blds/curl/x64-windows-rel/CMakeFiles/CMakeTmp'

Run Build Command(s): "C:/Program Files/Microsoft Visual Studio/2022/Community/Common7/IDE/CommonExtensions/Microsoft/CMake/Ninja/ninja.exe" -v cmTC_24c00
[1/2] C:\PROGRA~1\MICROS~3\2022\COMMUN~1\VC\Tools\MSVC\1438~1.331\bin\Hostx64\x64\cl.exe  /nologo   /nologo /DWIN32 /D_WINDOWS /W3 /utf-8 /MP  -DHAVE_IOCTLSOCKET_CAMEL  -DHAVE_WINDOWS_H -DHAVE_WS2TCPIP_H -DHAVE_WINSOCK2_H -DHAVE_WINCRYPT_H -DHAVE_INTTYPES_H -DHAVE_SYS_STAT_H -DHAVE_SYS_TYPES_H -DHAVE_SYS_UTIME_H -DHAVE_FCNTL_H -DHAVE_IO_H -DHAVE_LOCALE_H -DHAVE_SETJMP_H -DHAVE_SIGNAL_H -DHAVE_STDBOOL_H -DHAVE_STDINT_H -DHAVE_STDLIB_H -DHAVE_STRING_H -DHAVE_TIME_H -DHAVE_STDDEF_H /D_DEBUG /MDd /Z7 /Ob0 /Od /RTC1  -MDd /showIncludes /FoCMakeFiles\cmTC_24c00.dir\CurlTests.c.obj /FdCMakeFiles\cmTC_24c00.dir\ /FS -c D:\Programming\Battleship\Game\testDemo\vcpkg_installed\vcpkg\blds\curl\src\curl-8_2_1-1a1f01a28f.clean\CMake\CurlTests.c
D:\Programming\Battleship\Game\testDemo\vcpkg_installed\vcpkg\blds\curl\src\curl-8_2_1-1a1f01a28f.clean\CMake\CurlTests.c(245): warning C4013: 'IoctlSocket' undefined; assuming extern returning int
[2/2] cmd.exe /C "cd . && "C:\Program Files\Microsoft Visual Studio\2022\Community\Common7\IDE\CommonExtensions\Microsoft\CMake\CMake\bin\cmake.exe" -E vs_link_exe --intdir=CMakeFiles\cmTC_24c00.dir --rc=C:\PROGRA~2\WI3CF2~1\10\bin\100226~1.0\x64\rc.exe --mt=C:\PROGRA~2\WI3CF2~1\10\bin\100226~1.0\x64\mt.exe --manifests  -- C:\PROGRA~1\MICROS~3\2022\COMMUN~1\VC\Tools\MSVC\1438~1.331\bin\Hostx64\x64\link.exe /nologo CMakeFiles\cmTC_24c00.dir\CurlTests.c.obj  /out:cmTC_24c00.exe /implib:cmTC_24c00.lib /pdb:cmTC_24c00.pdb /version:0.0 /machine:x64  /debug /INCREMENTAL /subsystem:console  ws2_32.lib  kernel32.lib user32.lib gdi32.lib winspool.lib shell32.lib ole32.lib oleaut32.lib uuid.lib comdlg32.lib advapi32.lib && cd ."
FAILED: cmTC_24c00.exe 
cmd.exe /C "cd . && "C:\Program Files\Microsoft Visual Studio\2022\Community\Common7\IDE\CommonExtensions\Microsoft\CMake\CMake\bin\cmake.exe" -E vs_link_exe --intdir=CMakeFiles\cmTC_24c00.dir --rc=C:\PROGRA~2\WI3CF2~1\10\bin\100226~1.0\x64\rc.exe --mt=C:\PROGRA~2\WI3CF2~1\10\bin\100226~1.0\x64\mt.exe --manifests  -- C:\PROGRA~1\MICROS~3\2022\COMMUN~1\VC\Tools\MSVC\1438~1.331\bin\Hostx64\x64\link.exe /nologo CMakeFiles\cmTC_24c00.dir\CurlTests.c.obj  /out:cmTC_24c00.exe /implib:cmTC_24c00.lib /pdb:cmTC_24c00.pdb /version:0.0 /machine:x64  /debug /INCREMENTAL /subsystem:console  ws2_32.lib  kernel32.lib user32.lib gdi32.lib winspool.lib shell32.lib ole32.lib oleaut32.lib uuid.lib comdlg32.lib advapi32.lib && cd ."
LINK Pass 1: command "C:\PROGRA~1\MICROS~3\2022\COMMUN~1\VC\Tools\MSVC\1438~1.331\bin\Hostx64\x64\link.exe /nologo CMakeFiles\cmTC_24c00.dir\CurlTests.c.obj /out:cmTC_24c00.exe /implib:cmTC_24c00.lib /pdb:cmTC_24c00.pdb /version:0.0 /machine:x64 /debug /INCREMENTAL /subsystem:console ws2_32.lib kernel32.lib user32.lib gdi32.lib winspool.lib shell32.lib ole32.lib oleaut32.lib uuid.lib comdlg32.lib advapi32.lib /MANIFEST /MANIFESTFILE:CMakeFiles\cmTC_24c00.dir/intermediate.manifest CMakeFiles\cmTC_24c00.dir/manifest.res" failed (exit code 1120) with the following output:
CurlTests.c.obj : error LNK2019: unresolved external symbol IoctlSocket referenced in function main
cmTC_24c00.exe : fatal error LNK1120: 1 unresolved externals
ninja: build stopped: subcommand failed.


Performing Curl Test HAVE_IOCTLSOCKET_CAMEL_FIONBIO failed with the following output:
Change Dir: 'D:/Programming/Battleship/Game/testDemo/vcpkg_installed/vcpkg/blds/curl/x64-windows-rel/CMakeFiles/CMakeTmp'

Run Build Command(s): "C:/Program Files/Microsoft Visual Studio/2022/Community/Common7/IDE/CommonExtensions/Microsoft/CMake/Ninja/ninja.exe" -v cmTC_d0020
[1/2] C:\PROGRA~1\MICROS~3\2022\COMMUN~1\VC\Tools\MSVC\1438~1.331\bin\Hostx64\x64\cl.exe  /nologo   /nologo /DWIN32 /D_WINDOWS /W3 /utf-8 /MP  -DHAVE_IOCTLSOCKET_CAMEL_FIONBIO  -DHAVE_WINDOWS_H -DHAVE_WS2TCPIP_H -DHAVE_WINSOCK2_H -DHAVE_WINCRYPT_H -DHAVE_INTTYPES_H -DHAVE_SYS_STAT_H -DHAVE_SYS_TYPES_H -DHAVE_SYS_UTIME_H -DHAVE_FCNTL_H -DHAVE_IO_H -DHAVE_LOCALE_H -DHAVE_SETJMP_H -DHAVE_SIGNAL_H -DHAVE_STDBOOL_H -DHAVE_STDINT_H -DHAVE_STDLIB_H -DHAVE_STRING_H -DHAVE_TIME_H -DHAVE_STDDEF_H /D_DEBUG /MDd /Z7 /Ob0 /Od /RTC1  -MDd /showIncludes /FoCMakeFiles\cmTC_d0020.dir\CurlTests.c.obj /FdCMakeFiles\cmTC_d0020.dir\ /FS -c D:\Programming\Battleship\Game\testDemo\vcpkg_installed\vcpkg\blds\curl\src\curl-8_2_1-1a1f01a28f.clean\CMake\CurlTests.c
D:\Programming\Battleship\Game\testDemo\vcpkg_installed\vcpkg\blds\curl\src\curl-8_2_1-1a1f01a28f.clean\CMake\CurlTests.c(269): warning C4013: 'IoctlSocket' undefined; assuming extern returning int
[2/2] cmd.exe /C "cd . && "C:\Program Files\Microsoft Visual Studio\2022\Community\Common7\IDE\CommonExtensions\Microsoft\CMake\CMake\bin\cmake.exe" -E vs_link_exe --intdir=CMakeFiles\cmTC_d0020.dir --rc=C:\PROGRA~2\WI3CF2~1\10\bin\100226~1.0\x64\rc.exe --mt=C:\PROGRA~2\WI3CF2~1\10\bin\100226~1.0\x64\mt.exe --manifests  -- C:\PROGRA~1\MICROS~3\2022\COMMUN~1\VC\Tools\MSVC\1438~1.331\bin\Hostx64\x64\link.exe /nologo CMakeFiles\cmTC_d0020.dir\CurlTests.c.obj  /out:cmTC_d0020.exe /implib:cmTC_d0020.lib /pdb:cmTC_d0020.pdb /version:0.0 /machine:x64  /debug /INCREMENTAL /subsystem:console  ws2_32.lib  kernel32.lib user32.lib gdi32.lib winspool.lib shell32.lib ole32.lib oleaut32.lib uuid.lib comdlg32.lib advapi32.lib && cd ."
FAILED: cmTC_d0020.exe 
cmd.exe /C "cd . && "C:\Program Files\Microsoft Visual Studio\2022\Community\Common7\IDE\CommonExtensions\Microsoft\CMake\CMake\bin\cmake.exe" -E vs_link_exe --intdir=CMakeFiles\cmTC_d0020.dir --rc=C:\PROGRA~2\WI3CF2~1\10\bin\100226~1.0\x64\rc.exe --mt=C:\PROGRA~2\WI3CF2~1\10\bin\100226~1.0\x64\mt.exe --manifests  -- C:\PROGRA~1\MICROS~3\2022\COMMUN~1\VC\Tools\MSVC\1438~1.331\bin\Hostx64\x64\link.exe /nologo CMakeFiles\cmTC_d0020.dir\CurlTests.c.obj  /out:cmTC_d0020.exe /implib:cmTC_d0020.lib /pdb:cmTC_d0020.pdb /version:0.0 /machine:x64  /debug /INCREMENTAL /subsystem:console  ws2_32.lib  kernel32.lib user32.lib gdi32.lib winspool.lib shell32.lib ole32.lib oleaut32.lib uuid.lib comdlg32.lib advapi32.lib && cd ."
LINK Pass 1: command "C:\PROGRA~1\MICROS~3\2022\COMMUN~1\VC\Tools\MSVC\1438~1.331\bin\Hostx64\x64\link.exe /nologo CMakeFiles\cmTC_d0020.dir\CurlTests.c.obj /out:cmTC_d0020.exe /implib:cmTC_d0020.lib /pdb:cmTC_d0020.pdb /version:0.0 /machine:x64 /debug /INCREMENTAL /subsystem:console ws2_32.lib kernel32.lib user32.lib gdi32.lib winspool.lib shell32.lib ole32.lib oleaut32.lib uuid.lib comdlg32.lib advapi32.lib /MANIFEST /MANIFESTFILE:CMakeFiles\cmTC_d0020.dir/intermediate.manifest CMakeFiles\cmTC_d0020.dir/manifest.res" failed (exit code 1120) with the following output:
CurlTests.c.obj : error LNK2019: unresolved external symbol IoctlSocket referenced in function main
cmTC_d0020.exe : fatal error LNK1120: 1 unresolved externals
ninja: build stopped: subcommand failed.


Performing Curl Test HAVE_IOCTL_FIONBIO failed with the following output:
Change Dir: 'D:/Programming/Battleship/Game/testDemo/vcpkg_installed/vcpkg/blds/curl/x64-windows-rel/CMakeFiles/CMakeTmp'

Run Build Command(s): "C:/Program Files/Microsoft Visual Studio/2022/Community/Common7/IDE/CommonExtensions/Microsoft/CMake/Ninja/ninja.exe" -v cmTC_ab8f0
[1/2] C:\PROGRA~1\MICROS~3\2022\COMMUN~1\VC\Tools\MSVC\1438~1.331\bin\Hostx64\x64\cl.exe  /nologo   /nologo /DWIN32 /D_WINDOWS /W3 /utf-8 /MP  -DHAVE_IOCTL_FIONBIO  -DHAVE_WINDOWS_H -DHAVE_WS2TCPIP_H -DHAVE_WINSOCK2_H -DHAVE_WINCRYPT_H -DHAVE_INTTYPES_H -DHAVE_SYS_STAT_H -DHAVE_SYS_TYPES_H -DHAVE_SYS_UTIME_H -DHAVE_FCNTL_H -DHAVE_IO_H -DHAVE_LOCALE_H -DHAVE_SETJMP_H -DHAVE_SIGNAL_H -DHAVE_STDBOOL_H -DHAVE_STDINT_H -DHAVE_STDLIB_H -DHAVE_STRING_H -DHAVE_TIME_H -DHAVE_STDDEF_H /D_DEBUG /MDd /Z7 /Ob0 /Od /RTC1  -MDd /showIncludes /FoCMakeFiles\cmTC_ab8f0.dir\CurlTests.c.obj /FdCMakeFiles\cmTC_ab8f0.dir\ /FS -c D:\Programming\Battleship\Game\testDemo\vcpkg_installed\vcpkg\blds\curl\src\curl-8_2_1-1a1f01a28f.clean\CMake\CurlTests.c
FAILED: CMakeFiles/cmTC_ab8f0.dir/CurlTests.c.obj 
C:\PROGRA~1\MICROS~3\2022\COMMUN~1\VC\Tools\MSVC\1438~1.331\bin\Hostx64\x64\cl.exe  /nologo   /nologo /DWIN32 /D_WINDOWS /W3 /utf-8 /MP  -DHAVE_IOCTL_FIONBIO  -DHAVE_WINDOWS_H -DHAVE_WS2TCPIP_H -DHAVE_WINSOCK2_H -DHAVE_WINCRYPT_H -DHAVE_INTTYPES_H -DHAVE_SYS_STAT_H -DHAVE_SYS_TYPES_H -DHAVE_SYS_UTIME_H -DHAVE_FCNTL_H -DHAVE_IO_H -DHAVE_LOCALE_H -DHAVE_SETJMP_H -DHAVE_SIGNAL_H -DHAVE_STDBOOL_H -DHAVE_STDINT_H -DHAVE_STDLIB_H -DHAVE_STRING_H -DHAVE_TIME_H -DHAVE_STDDEF_H /D_DEBUG /MDd /Z7 /Ob0 /Od /RTC1  -MDd /showIncludes /FoCMakeFiles\cmTC_ab8f0.dir\CurlTests.c.obj /FdCMakeFiles\cmTC_ab8f0.dir\ /FS -c D:\Programming\Battleship\Game\testDemo\vcpkg_installed\vcpkg\blds\curl\src\curl-8_2_1-1a1f01a28f.clean\CMake\CurlTests.c
D:\Programming\Battleship\Game\testDemo\vcpkg_installed\vcpkg\blds\curl\src\curl-8_2_1-1a1f01a28f.clean\CMake\CurlTests.c(323): warning C4013: 'ioctl' undefined; assuming extern returning int
D:\Programming\Battleship\Game\testDemo\vcpkg_installed\vcpkg\blds\curl\src\curl-8_2_1-1a1f01a28f.clean\CMake\CurlTests.c(323): error C2065: 'FIONBIO': undeclared identifier
ninja: build stopped: subcommand failed.


Performing Curl Test HAVE_IOCTL_SIOCGIFADDR failed with the following output:
Change Dir: 'D:/Programming/Battleship/Game/testDemo/vcpkg_installed/vcpkg/blds/curl/x64-windows-rel/CMakeFiles/CMakeTmp'

Run Build Command(s): "C:/Program Files/Microsoft Visual Studio/2022/Community/Common7/IDE/CommonExtensions/Microsoft/CMake/Ninja/ninja.exe" -v cmTC_40d5f
[1/2] C:\PROGRA~1\MICROS~3\2022\COMMUN~1\VC\Tools\MSVC\1438~1.331\bin\Hostx64\x64\cl.exe  /nologo   /nologo /DWIN32 /D_WINDOWS /W3 /utf-8 /MP  -DHAVE_IOCTL_SIOCGIFADDR  -DHAVE_WINDOWS_H -DHAVE_WS2TCPIP_H -DHAVE_WINSOCK2_H -DHAVE_WINCRYPT_H -DHAVE_INTTYPES_H -DHAVE_SYS_STAT_H -DHAVE_SYS_TYPES_H -DHAVE_SYS_UTIME_H -DHAVE_FCNTL_H -DHAVE_IO_H -DHAVE_LOCALE_H -DHAVE_SETJMP_H -DHAVE_SIGNAL_H -DHAVE_STDBOOL_H -DHAVE_STDINT_H -DHAVE_STDLIB_H -DHAVE_STRING_H -DHAVE_TIME_H -DHAVE_STDDEF_H /D_DEBUG /MDd /Z7 /Ob0 /Od /RTC1  -MDd /showIncludes /FoCMakeFiles\cmTC_40d5f.dir\CurlTests.c.obj /FdCMakeFiles\cmTC_40d5f.dir\ /FS -c D:\Programming\Battleship\Game\testDemo\vcpkg_installed\vcpkg\blds\curl\src\curl-8_2_1-1a1f01a28f.clean\CMake\CurlTests.c
FAILED: CMakeFiles/cmTC_40d5f.dir/CurlTests.c.obj 
C:\PROGRA~1\MICROS~3\2022\COMMUN~1\VC\Tools\MSVC\1438~1.331\bin\Hostx64\x64\cl.exe  /nologo   /nologo /DWIN32 /D_WINDOWS /W3 /utf-8 /MP  -DHAVE_IOCTL_SIOCGIFADDR  -DHAVE_WINDOWS_H -DHAVE_WS2TCPIP_H -DHAVE_WINSOCK2_H -DHAVE_WINCRYPT_H -DHAVE_INTTYPES_H -DHAVE_SYS_STAT_H -DHAVE_SYS_TYPES_H -DHAVE_SYS_UTIME_H -DHAVE_FCNTL_H -DHAVE_IO_H -DHAVE_LOCALE_H -DHAVE_SETJMP_H -DHAVE_SIGNAL_H -DHAVE_STDBOOL_H -DHAVE_STDINT_H -DHAVE_STDLIB_H -DHAVE_STRING_H -DHAVE_TIME_H -DHAVE_STDDEF_H /D_DEBUG /MDd /Z7 /Ob0 /Od /RTC1  -MDd /showIncludes /FoCMakeFiles\cmTC_40d5f.dir\CurlTests.c.obj /FdCMakeFiles\cmTC_40d5f.dir\ /FS -c D:\Programming\Battleship\Game\testDemo\vcpkg_installed\vcpkg\blds\curl\src\curl-8_2_1-1a1f01a28f.clean\CMake\CurlTests.c
D:\Programming\Battleship\Game\testDemo\vcpkg_installed\vcpkg\blds\curl\src\curl-8_2_1-1a1f01a28f.clean\CMake\CurlTests.c(348): fatal error C1083: Cannot open include file: 'net/if.h': No such file or directory
ninja: build stopped: subcommand failed.


Performing Curl Test HAVE_SETSOCKOPT_SO_NONBLOCK failed with the following output:
Change Dir: 'D:/Programming/Battleship/Game/testDemo/vcpkg_installed/vcpkg/blds/curl/x64-windows-rel/CMakeFiles/CMakeTmp'

Run Build Command(s): "C:/Program Files/Microsoft Visual Studio/2022/Community/Common7/IDE/CommonExtensions/Microsoft/CMake/Ninja/ninja.exe" -v cmTC_339e7
[1/2] C:\PROGRA~1\MICROS~3\2022\COMMUN~1\VC\Tools\MSVC\1438~1.331\bin\Hostx64\x64\cl.exe  /nologo   /nologo /DWIN32 /D_WINDOWS /W3 /utf-8 /MP  -DHAVE_SETSOCKOPT_SO_NONBLOCK  -DHAVE_WINDOWS_H -DHAVE_WS2TCPIP_H -DHAVE_WINSOCK2_H -DHAVE_WINCRYPT_H -DHAVE_INTTYPES_H -DHAVE_SYS_STAT_H -DHAVE_SYS_TYPES_H -DHAVE_SYS_UTIME_H -DHAVE_FCNTL_H -DHAVE_IO_H -DHAVE_LOCALE_H -DHAVE_SETJMP_H -DHAVE_SIGNAL_H -DHAVE_STDBOOL_H -DHAVE_STDINT_H -DHAVE_STDLIB_H -DHAVE_STRING_H -DHAVE_TIME_H -DHAVE_STDDEF_H /D_DEBUG /MDd /Z7 /Ob0 /Od /RTC1  -MDd /showIncludes /FoCMakeFiles\cmTC_339e7.dir\CurlTests.c.obj /FdCMakeFiles\cmTC_339e7.dir\ /FS -c D:\Programming\Battleship\Game\testDemo\vcpkg_installed\vcpkg\blds\curl\src\curl-8_2_1-1a1f01a28f.clean\CMake\CurlTests.c
FAILED: CMakeFiles/cmTC_339e7.dir/CurlTests.c.obj 
C:\PROGRA~1\MICROS~3\2022\COMMUN~1\VC\Tools\MSVC\1438~1.331\bin\Hostx64\x64\cl.exe  /nologo   /nologo /DWIN32 /D_WINDOWS /W3 /utf-8 /MP  -DHAVE_SETSOCKOPT_SO_NONBLOCK  -DHAVE_WINDOWS_H -DHAVE_WS2TCPIP_H -DHAVE_WINSOCK2_H -DHAVE_WINCRYPT_H -DHAVE_INTTYPES_H -DHAVE_SYS_STAT_H -DHAVE_SYS_TYPES_H -DHAVE_SYS_UTIME_H -DHAVE_FCNTL_H -DHAVE_IO_H -DHAVE_LOCALE_H -DHAVE_SETJMP_H -DHAVE_SIGNAL_H -DHAVE_STDBOOL_H -DHAVE_STDINT_H -DHAVE_STDLIB_H -DHAVE_STRING_H -DHAVE_TIME_H -DHAVE_STDDEF_H /D_DEBUG /MDd /Z7 /Ob0 /Od /RTC1  -MDd /showIncludes /FoCMakeFiles\cmTC_339e7.dir\CurlTests.c.obj /FdCMakeFiles\cmTC_339e7.dir\ /FS -c D:\Programming\Battleship\Game\testDemo\vcpkg_installed\vcpkg\blds\curl\src\curl-8_2_1-1a1f01a28f.clean\CMake\CurlTests.c
D:\Programming\Battleship\Game\testDemo\vcpkg_installed\vcpkg\blds\curl\src\curl-8_2_1-1a1f01a28f.clean\CMake\CurlTests.c(384): error C2065: 'SO_NONBLOCK': undeclared identifier
ninja: build stopped: subcommand failed.


Performing Curl Test HAVE_FILE_OFFSET_BITS failed with the following output:
Change Dir: 'D:/Programming/Battleship/Game/testDemo/vcpkg_installed/vcpkg/blds/curl/x64-windows-rel/CMakeFiles/CMakeTmp'

Run Build Command(s): "C:/Program Files/Microsoft Visual Studio/2022/Community/Common7/IDE/CommonExtensions/Microsoft/CMake/Ninja/ninja.exe" -v cmTC_4ad89
[1/2] C:\PROGRA~1\MICROS~3\2022\COMMUN~1\VC\Tools\MSVC\1438~1.331\bin\Hostx64\x64\cl.exe  /nologo   /nologo /DWIN32 /D_WINDOWS /W3 /utf-8 /MP  -DHAVE_FILE_OFFSET_BITS  -DHAVE_WINDOWS_H -DHAVE_WS2TCPIP_H -DHAVE_WINSOCK2_H -DHAVE_WINCRYPT_H -DHAVE_INTTYPES_H -DHAVE_SYS_STAT_H -DHAVE_SYS_TYPES_H -DHAVE_SYS_UTIME_H -DHAVE_FCNTL_H -DHAVE_IO_H -DHAVE_LOCALE_H -DHAVE_SETJMP_H -DHAVE_SIGNAL_H -DHAVE_STDBOOL_H -DHAVE_STDINT_H -DHAVE_STDLIB_H -DHAVE_STRING_H -DHAVE_TIME_H -DHAVE_STDDEF_H /D_DEBUG /MDd /Z7 /Ob0 /Od /RTC1  -MDd /showIncludes /FoCMakeFiles\cmTC_4ad89.dir\CurlTests.c.obj /FdCMakeFiles\cmTC_4ad89.dir\ /FS -c D:\Programming\Battleship\Game\testDemo\vcpkg_installed\vcpkg\blds\curl\src\curl-8_2_1-1a1f01a28f.clean\CMake\CurlTests.c
FAILED: CMakeFiles/cmTC_4ad89.dir/CurlTests.c.obj 
C:\PROGRA~1\MICROS~3\2022\COMMUN~1\VC\Tools\MSVC\1438~1.331\bin\Hostx64\x64\cl.exe  /nologo   /nologo /DWIN32 /D_WINDOWS /W3 /utf-8 /MP  -DHAVE_FILE_OFFSET_BITS  -DHAVE_WINDOWS_H -DHAVE_WS2TCPIP_H -DHAVE_WINSOCK2_H -DHAVE_WINCRYPT_H -DHAVE_INTTYPES_H -DHAVE_SYS_STAT_H -DHAVE_SYS_TYPES_H -DHAVE_SYS_UTIME_H -DHAVE_FCNTL_H -DHAVE_IO_H -DHAVE_LOCALE_H -DHAVE_SETJMP_H -DHAVE_SIGNAL_H -DHAVE_STDBOOL_H -DHAVE_STDINT_H -DHAVE_STDLIB_H -DHAVE_STRING_H -DHAVE_TIME_H -DHAVE_STDDEF_H /D_DEBUG /MDd /Z7 /Ob0 /Od /RTC1  -MDd /showIncludes /FoCMakeFiles\cmTC_4ad89.dir\CurlTests.c.obj /FdCMakeFiles\cmTC_4ad89.dir\ /FS -c D:\Programming\Battleship\Game\testDemo\vcpkg_installed\vcpkg\blds\curl\src\curl-8_2_1-1a1f01a28f.clean\CMake\CurlTests.c
D:\Programming\Battleship\Game\testDemo\vcpkg_installed\vcpkg\blds\curl\src\curl-8_2_1-1a1f01a28f.clean\CMake\CurlTests.c(198): warning C4293: '<<': shift count negative or too big, undefined behavior
D:\Programming\Battleship\Game\testDemo\vcpkg_installed\vcpkg\blds\curl\src\curl-8_2_1-1a1f01a28f.clean\CMake\CurlTests.c(199): warning C4293: '<<': shift count negative or too big, undefined behavior
D:\Programming\Battleship\Game\testDemo\vcpkg_installed\vcpkg\blds\curl\src\curl-8_2_1-1a1f01a28f.clean\CMake\CurlTests.c(198): error C2118: negative subscript
ninja: build stopped: subcommand failed.


Performing Curl Test HAVE_VARIADIC_MACROS_GCC failed with the following output:
Change Dir: 'D:/Programming/Battleship/Game/testDemo/vcpkg_installed/vcpkg/blds/curl/x64-windows-rel/CMakeFiles/CMakeTmp'

Run Build Command(s): "C:/Program Files/Microsoft Visual Studio/2022/Community/Common7/IDE/CommonExtensions/Microsoft/CMake/Ninja/ninja.exe" -v cmTC_f062d
[1/2] C:\PROGRA~1\MICROS~3\2022\COMMUN~1\VC\Tools\MSVC\1438~1.331\bin\Hostx64\x64\cl.exe  /nologo   /nologo /DWIN32 /D_WINDOWS /W3 /utf-8 /MP  -DHAVE_VARIADIC_MACROS_GCC  -DHAVE_WINDOWS_H -DHAVE_WS2TCPIP_H -DHAVE_WINSOCK2_H -DHAVE_WINCRYPT_H -DHAVE_INTTYPES_H -DHAVE_SYS_STAT_H -DHAVE_SYS_TYPES_H -DHAVE_SYS_UTIME_H -DHAVE_FCNTL_H -DHAVE_IO_H -DHAVE_LOCALE_H -DHAVE_SETJMP_H -DHAVE_SIGNAL_H -DHAVE_STDBOOL_H -DHAVE_STDINT_H -DHAVE_STDLIB_H -DHAVE_STRING_H -DHAVE_TIME_H -DHAVE_STDDEF_H /D_DEBUG /MDd /Z7 /Ob0 /Od /RTC1  -MDd /showIncludes /FoCMakeFiles\cmTC_f062d.dir\CurlTests.c.obj /FdCMakeFiles\cmTC_f062d.dir\ /FS -c D:\Programming\Battleship\Game\testDemo\vcpkg_installed\vcpkg\blds\curl\src\curl-8_2_1-1a1f01a28f.clean\CMake\CurlTests.c
FAILED: CMakeFiles/cmTC_f062d.dir/CurlTests.c.obj 
C:\PROGRA~1\MICROS~3\2022\COMMUN~1\VC\Tools\MSVC\1438~1.331\bin\Hostx64\x64\cl.exe  /nologo   /nologo /DWIN32 /D_WINDOWS /W3 /utf-8 /MP  -DHAVE_VARIADIC_MACROS_GCC  -DHAVE_WINDOWS_H -DHAVE_WS2TCPIP_H -DHAVE_WINSOCK2_H -DHAVE_WINCRYPT_H -DHAVE_INTTYPES_H -DHAVE_SYS_STAT_H -DHAVE_SYS_TYPES_H -DHAVE_SYS_UTIME_H -DHAVE_FCNTL_H -DHAVE_IO_H -DHAVE_LOCALE_H -DHAVE_SETJMP_H -DHAVE_SIGNAL_H -DHAVE_STDBOOL_H -DHAVE_STDINT_H -DHAVE_STDLIB_H -DHAVE_STRING_H -DHAVE_TIME_H -DHAVE_STDDEF_H /D_DEBUG /MDd /Z7 /Ob0 /Od /RTC1  -MDd /showIncludes /FoCMakeFiles\cmTC_f062d.dir\CurlTests.c.obj /FdCMakeFiles\cmTC_f062d.dir\ /FS -c D:\Programming\Battleship\Game\testDemo\vcpkg_installed\vcpkg\blds\curl\src\curl-8_2_1-1a1f01a28f.clean\CMake\CurlTests.c
D:\Programming\Battleship\Game\testDemo\vcpkg_installed\vcpkg\blds\curl\src\curl-8_2_1-1a1f01a28f.clean\CMake\CurlTests.c(475): error C2010: '.': unexpected in macro parameter list
D:\Programming\Battleship\Game\testDemo\vcpkg_installed\vcpkg\blds\curl\src\curl-8_2_1-1a1f01a28f.clean\CMake\CurlTests.c(476): error C2010: '.': unexpected in macro parameter list
ninja: build stopped: subcommand failed.


Performing Curl Test HAVE_ATOMIC failed with the following output:
Change Dir: 'D:/Programming/Battleship/Game/testDemo/vcpkg_installed/vcpkg/blds/curl/x64-windows-rel/CMakeFiles/CMakeTmp'

Run Build Command(s): "C:/Program Files/Microsoft Visual Studio/2022/Community/Common7/IDE/CommonExtensions/Microsoft/CMake/Ninja/ninja.exe" -v cmTC_6366e
[1/2] C:\PROGRA~1\MICROS~3\2022\COMMUN~1\VC\Tools\MSVC\1438~1.331\bin\Hostx64\x64\cl.exe  /nologo   /nologo /DWIN32 /D_WINDOWS /W3 /utf-8 /MP  -DHAVE_ATOMIC  -DHAVE_WINDOWS_H -DHAVE_WS2TCPIP_H -DHAVE_WINSOCK2_H -DHAVE_WINCRYPT_H -DHAVE_INTTYPES_H -DHAVE_SYS_STAT_H -DHAVE_SYS_TYPES_H -DHAVE_SYS_UTIME_H -DHAVE_FCNTL_H -DHAVE_IO_H -DHAVE_LOCALE_H -DHAVE_SETJMP_H -DHAVE_SIGNAL_H -DHAVE_STDBOOL_H -DHAVE_STDINT_H -DHAVE_STDLIB_H -DHAVE_STRING_H -DHAVE_TIME_H -DHAVE_STDDEF_H /D_DEBUG /MDd /Z7 /Ob0 /Od /RTC1  -MDd /showIncludes /FoCMakeFiles\cmTC_6366e.dir\CurlTests.c.obj /FdCMakeFiles\cmTC_6366e.dir\ /FS -c D:\Programming\Battleship\Game\testDemo\vcpkg_installed\vcpkg\blds\curl\src\curl-8_2_1-1a1f01a28f.clean\CMake\CurlTests.c
FAILED: CMakeFiles/cmTC_6366e.dir/CurlTests.c.obj 
C:\PROGRA~1\MICROS~3\2022\COMMUN~1\VC\Tools\MSVC\1438~1.331\bin\Hostx64\x64\cl.exe  /nologo   /nologo /DWIN32 /D_WINDOWS /W3 /utf-8 /MP  -DHAVE_ATOMIC  -DHAVE_WINDOWS_H -DHAVE_WS2TCPIP_H -DHAVE_WINSOCK2_H -DHAVE_WINCRYPT_H -DHAVE_INTTYPES_H -DHAVE_SYS_STAT_H -DHAVE_SYS_TYPES_H -DHAVE_SYS_UTIME_H -DHAVE_FCNTL_H -DHAVE_IO_H -DHAVE_LOCALE_H -DHAVE_SETJMP_H -DHAVE_SIGNAL_H -DHAVE_STDBOOL_H -DHAVE_STDINT_H -DHAVE_STDLIB_H -DHAVE_STRING_H -DHAVE_TIME_H -DHAVE_STDDEF_H /D_DEBUG /MDd /Z7 /Ob0 /Od /RTC1  -MDd /showIncludes /FoCMakeFiles\cmTC_6366e.dir\CurlTests.c.obj /FdCMakeFiles\cmTC_6366e.dir\ /FS -c D:\Programming\Battleship\Game\testDemo\vcpkg_installed\vcpkg\blds\curl\src\curl-8_2_1-1a1f01a28f.clean\CMake\CurlTests.c
D:\Programming\Battleship\Game\testDemo\vcpkg_installed\vcpkg\blds\curl\src\curl-8_2_1-1a1f01a28f.clean\CMake\CurlTests.c(512): error C2065: '_Atomic': undeclared identifier
D:\Programming\Battleship\Game\testDemo\vcpkg_installed\vcpkg\blds\curl\src\curl-8_2_1-1a1f01a28f.clean\CMake\CurlTests.c(512): error C2143: syntax error: missing ';' before 'type'
ninja: build stopped: subcommand failed.


Performing Curl Test HAVE_GLIBC_STRERROR_R failed with the following output:
Change Dir: 'D:/Programming/Battleship/Game/testDemo/vcpkg_installed/vcpkg/blds/curl/x64-windows-rel/CMakeFiles/CMakeTmp'

Run Build Command(s): "C:/Program Files/Microsoft Visual Studio/2022/Community/Common7/IDE/CommonExtensions/Microsoft/CMake/Ninja/ninja.exe" -v cmTC_9c90e
[1/2] C:\PROGRA~1\MICROS~3\2022\COMMUN~1\VC\Tools\MSVC\1438~1.331\bin\Hostx64\x64\cl.exe  /nologo   /nologo /DWIN32 /D_WINDOWS /W3 /utf-8 /MP  -DHAVE_GLIBC_STRERROR_R  -DHAVE_WINDOWS_H -DHAVE_WS2TCPIP_H -DHAVE_WINSOCK2_H -DHAVE_WINCRYPT_H -DHAVE_INTTYPES_H -DHAVE_SYS_STAT_H -DHAVE_SYS_TYPES_H -DHAVE_SYS_UTIME_H -DHAVE_FCNTL_H -DHAVE_IO_H -DHAVE_LOCALE_H -DHAVE_SETJMP_H -DHAVE_SIGNAL_H -DHAVE_STDBOOL_H -DHAVE_STDINT_H -DHAVE_STDLIB_H -DHAVE_STRING_H -DHAVE_TIME_H -DHAVE_STDDEF_H /D_DEBUG /MDd /Z7 /Ob0 /Od /RTC1  -MDd /showIncludes /FoCMakeFiles\cmTC_9c90e.dir\CurlTests.c.obj /FdCMakeFiles\cmTC_9c90e.dir\ /FS -c D:\Programming\Battleship\Game\testDemo\vcpkg_installed\vcpkg\blds\curl\src\curl-8_2_1-1a1f01a28f.clean\CMake\CurlTests.c
FAILED: CMakeFiles/cmTC_9c90e.dir/CurlTests.c.obj 
C:\PROGRA~1\MICROS~3\2022\COMMUN~1\VC\Tools\MSVC\1438~1.331\bin\Hostx64\x64\cl.exe  /nologo   /nologo /DWIN32 /D_WINDOWS /W3 /utf-8 /MP  -DHAVE_GLIBC_STRERROR_R  -DHAVE_WINDOWS_H -DHAVE_WS2TCPIP_H -DHAVE_WINSOCK2_H -DHAVE_WINCRYPT_H -DHAVE_INTTYPES_H -DHAVE_SYS_STAT_H -DHAVE_SYS_TYPES_H -DHAVE_SYS_UTIME_H -DHAVE_FCNTL_H -DHAVE_IO_H -DHAVE_LOCALE_H -DHAVE_SETJMP_H -DHAVE_SIGNAL_H -DHAVE_STDBOOL_H -DHAVE_STDINT_H -DHAVE_STDLIB_H -DHAVE_STRING_H -DHAVE_TIME_H -DHAVE_STDDEF_H /D_DEBUG /MDd /Z7 /Ob0 /Od /RTC1  -MDd /showIncludes /FoCMakeFiles\cmTC_9c90e.dir\CurlTests.c.obj /FdCMakeFiles\cmTC_9c90e.dir\ /FS -c D:\Programming\Battleship\Game\testDemo\vcpkg_installed\vcpkg\blds\curl\src\curl-8_2_1-1a1f01a28f.clean\CMake\CurlTests.c
D:\Programming\Battleship\Game\testDemo\vcpkg_installed\vcpkg\blds\curl\src\curl-8_2_1-1a1f01a28f.clean\CMake\CurlTests.c(400): warning C4013: 'strerror_r' undefined; assuming extern returning int
D:\Programming\Battleship\Game\testDemo\vcpkg_installed\vcpkg\blds\curl\src\curl-8_2_1-1a1f01a28f.clean\CMake\CurlTests.c(400): error C2109: subscript requires array or pointer type
D:\Programming\Battleship\Game\testDemo\vcpkg_installed\vcpkg\blds\curl\src\curl-8_2_1-1a1f01a28f.clean\CMake\CurlTests.c(400): error C2198: 'check': too few arguments for call
ninja: build stopped: subcommand failed.


Performing Curl Test HAVE_POSIX_STRERROR_R failed with the following output:
Change Dir: 'D:/Programming/Battleship/Game/testDemo/vcpkg_installed/vcpkg/blds/curl/x64-windows-rel/CMakeFiles/CMakeTmp'

Run Build Command(s): "C:/Program Files/Microsoft Visual Studio/2022/Community/Common7/IDE/CommonExtensions/Microsoft/CMake/Ninja/ninja.exe" -v cmTC_0e979
[1/2] C:\PROGRA~1\MICROS~3\2022\COMMUN~1\VC\Tools\MSVC\1438~1.331\bin\Hostx64\x64\cl.exe  /nologo   /nologo /DWIN32 /D_WINDOWS /W3 /utf-8 /MP  -DHAVE_POSIX_STRERROR_R  -DHAVE_WINDOWS_H -DHAVE_WS2TCPIP_H -DHAVE_WINSOCK2_H -DHAVE_WINCRYPT_H -DHAVE_INTTYPES_H -DHAVE_SYS_STAT_H -DHAVE_SYS_TYPES_H -DHAVE_SYS_UTIME_H -DHAVE_FCNTL_H -DHAVE_IO_H -DHAVE_LOCALE_H -DHAVE_SETJMP_H -DHAVE_SIGNAL_H -DHAVE_STDBOOL_H -DHAVE_STDINT_H -DHAVE_STDLIB_H -DHAVE_STRING_H -DHAVE_TIME_H -DHAVE_STDDEF_H /D_DEBUG /MDd /Z7 /Ob0 /Od /RTC1  -MDd /showIncludes /FoCMakeFiles\cmTC_0e979.dir\CurlTests.c.obj /FdCMakeFiles\cmTC_0e979.dir\ /FS -c D:\Programming\Battleship\Game\testDemo\vcpkg_installed\vcpkg\blds\curl\src\curl-8_2_1-1a1f01a28f.clean\CMake\CurlTests.c
D:\Programming\Battleship\Game\testDemo\vcpkg_installed\vcpkg\blds\curl\src\curl-8_2_1-1a1f01a28f.clean\CMake\CurlTests.c(415): warning C4013: 'strerror_r' undefined; assuming extern returning int
D:\Programming\Battleship\Game\testDemo\vcpkg_installed\vcpkg\blds\curl\src\curl-8_2_1-1a1f01a28f.clean\CMake\CurlTests.c(415): warning C4244: 'function': conversion from 'int' to 'float', possible loss of data
[2/2] cmd.exe /C "cd . && "C:\Program Files\Microsoft Visual Studio\2022\Community\Common7\IDE\CommonExtensions\Microsoft\CMake\CMake\bin\cmake.exe" -E vs_link_exe --intdir=CMakeFiles\cmTC_0e979.dir --rc=C:\PROGRA~2\WI3CF2~1\10\bin\100226~1.0\x64\rc.exe --mt=C:\PROGRA~2\WI3CF2~1\10\bin\100226~1.0\x64\mt.exe --manifests  -- C:\PROGRA~1\MICROS~3\2022\COMMUN~1\VC\Tools\MSVC\1438~1.331\bin\Hostx64\x64\link.exe /nologo CMakeFiles\cmTC_0e979.dir\CurlTests.c.obj  /out:cmTC_0e979.exe /implib:cmTC_0e979.lib /pdb:cmTC_0e979.pdb /version:0.0 /machine:x64  /debug /INCREMENTAL /subsystem:console  ws2_32.lib  kernel32.lib user32.lib gdi32.lib winspool.lib shell32.lib ole32.lib oleaut32.lib uuid.lib comdlg32.lib advapi32.lib && cd ."
FAILED: cmTC_0e979.exe 
cmd.exe /C "cd . && "C:\Program Files\Microsoft Visual Studio\2022\Community\Common7\IDE\CommonExtensions\Microsoft\CMake\CMake\bin\cmake.exe" -E vs_link_exe --intdir=CMakeFiles\cmTC_0e979.dir --rc=C:\PROGRA~2\WI3CF2~1\10\bin\100226~1.0\x64\rc.exe --mt=C:\PROGRA~2\WI3CF2~1\10\bin\100226~1.0\x64\mt.exe --manifests  -- C:\PROGRA~1\MICROS~3\2022\COMMUN~1\VC\Tools\MSVC\1438~1.331\bin\Hostx64\x64\link.exe /nologo CMakeFiles\cmTC_0e979.dir\CurlTests.c.obj  /out:cmTC_0e979.exe /implib:cmTC_0e979.lib /pdb:cmTC_0e979.pdb /version:0.0 /machine:x64  /debug /INCREMENTAL /subsystem:console  ws2_32.lib  kernel32.lib user32.lib gdi32.lib winspool.lib shell32.lib ole32.lib oleaut32.lib uuid.lib comdlg32.lib advapi32.lib && cd ."
LINK Pass 1: command "C:\PROGRA~1\MICROS~3\2022\COMMUN~1\VC\Tools\MSVC\1438~1.331\bin\Hostx64\x64\link.exe /nologo CMakeFiles\cmTC_0e979.dir\CurlTests.c.obj /out:cmTC_0e979.exe /implib:cmTC_0e979.lib /pdb:cmTC_0e979.pdb /version:0.0 /machine:x64 /debug /INCREMENTAL /subsystem:console ws2_32.lib kernel32.lib user32.lib gdi32.lib winspool.lib shell32.lib ole32.lib oleaut32.lib uuid.lib comdlg32.lib advapi32.lib /MANIFEST /MANIFESTFILE:CMakeFiles\cmTC_0e979.dir/intermediate.manifest CMakeFiles\cmTC_0e979.dir/manifest.res" failed (exit code 1120) with the following output:
CurlTests.c.obj : error LNK2019: unresolved external symbol strerror_r referenced in function main
cmTC_0e979.exe : fatal error LNK1120: 1 unresolved externals
ninja: build stopped: subcommand failed.


Performing Curl Test HAVE_CLOCK_GETTIME_MONOTONIC failed with the following output:
Change Dir: 'D:/Programming/Battleship/Game/testDemo/vcpkg_installed/vcpkg/blds/curl/x64-windows-rel/CMakeFiles/CMakeTmp'

Run Build Command(s): "C:/Program Files/Microsoft Visual Studio/2022/Community/Common7/IDE/CommonExtensions/Microsoft/CMake/Ninja/ninja.exe" -v cmTC_ae05b
[1/2] C:\PROGRA~1\MICROS~3\2022\COMMUN~1\VC\Tools\MSVC\1438~1.331\bin\Hostx64\x64\cl.exe  /nologo   /nologo /DWIN32 /D_WINDOWS /W3 /utf-8 /MP  -DHAVE_CLOCK_GETTIME_MONOTONIC  -DHAVE_WINDOWS_H -DHAVE_WS2TCPIP_H -DHAVE_WINSOCK2_H -DHAVE_WINCRYPT_H -DHAVE_INTTYPES_H -DHAVE_SYS_STAT_H -DHAVE_SYS_TYPES_H -DHAVE_SYS_UTIME_H -DHAVE_FCNTL_H -DHAVE_IO_H -DHAVE_LOCALE_H -DHAVE_SETJMP_H -DHAVE_SIGNAL_H -DHAVE_STDBOOL_H -DHAVE_STDINT_H -DHAVE_STDLIB_H -DHAVE_STRING_H -DHAVE_TIME_H -DHAVE_STDDEF_H /D_DEBUG /MDd /Z7 /Ob0 /Od /RTC1  -MDd /showIncludes /FoCMakeFiles\cmTC_ae05b.dir\CurlTests.c.obj /FdCMakeFiles\cmTC_ae05b.dir\ /FS -c D:\Programming\Battleship\Game\testDemo\vcpkg_installed\vcpkg\blds\curl\src\curl-8_2_1-1a1f01a28f.clean\CMake\CurlTests.c
FAILED: CMakeFiles/cmTC_ae05b.dir/CurlTests.c.obj 
C:\PROGRA~1\MICROS~3\2022\COMMUN~1\VC\Tools\MSVC\1438~1.331\bin\Hostx64\x64\cl.exe  /nologo   /nologo /DWIN32 /D_WINDOWS /W3 /utf-8 /MP  -DHAVE_CLOCK_GETTIME_MONOTONIC  -DHAVE_WINDOWS_H -DHAVE_WS2TCPIP_H -DHAVE_WINSOCK2_H -DHAVE_WINCRYPT_H -DHAVE_INTTYPES_H -DHAVE_SYS_STAT_H -DHAVE_SYS_TYPES_H -DHAVE_SYS_UTIME_H -DHAVE_FCNTL_H -DHAVE_IO_H -DHAVE_LOCALE_H -DHAVE_SETJMP_H -DHAVE_SIGNAL_H -DHAVE_STDBOOL_H -DHAVE_STDINT_H -DHAVE_STDLIB_H -DHAVE_STRING_H -DHAVE_TIME_H -DHAVE_STDDEF_H /D_DEBUG /MDd /Z7 /Ob0 /Od /RTC1  -MDd /showIncludes /FoCMakeFiles\cmTC_ae05b.dir\CurlTests.c.obj /FdCMakeFiles\cmTC_ae05b.dir\ /FS -c D:\Programming\Battleship\Game\testDemo\vcpkg_installed\vcpkg\blds\curl\src\curl-8_2_1-1a1f01a28f.clean\CMake\CurlTests.c
D:\Programming\Battleship\Game\testDemo\vcpkg_installed\vcpkg\blds\curl\src\curl-8_2_1-1a1f01a28f.clean\CMake\CurlTests.c(440): warning C4013: 'clock_gettime' undefined; assuming extern returning int
D:\Programming\Battleship\Game\testDemo\vcpkg_installed\vcpkg\blds\curl\src\curl-8_2_1-1a1f01a28f.clean\CMake\CurlTests.c(440): error C2065: 'CLOCK_MONOTONIC': undeclared identifier
ninja: build stopped: subcommand failed.


Performing Curl Test HAVE_BUILTIN_AVAILABLE failed with the following output:
Change Dir: 'D:/Programming/Battleship/Game/testDemo/vcpkg_installed/vcpkg/blds/curl/x64-windows-rel/CMakeFiles/CMakeTmp'

Run Build Command(s): "C:/Program Files/Microsoft Visual Studio/2022/Community/Common7/IDE/CommonExtensions/Microsoft/CMake/Ninja/ninja.exe" -v cmTC_b352d
[1/2] C:\PROGRA~1\MICROS~3\2022\COMMUN~1\VC\Tools\MSVC\1438~1.331\bin\Hostx64\x64\cl.exe  /nologo   /nologo /DWIN32 /D_WINDOWS /W3 /utf-8 /MP  -DHAVE_BUILTIN_AVAILABLE  -DHAVE_WINDOWS_H -DHAVE_WS2TCPIP_H -DHAVE_WINSOCK2_H -DHAVE_WINCRYPT_H -DHAVE_INTTYPES_H -DHAVE_SYS_STAT_H -DHAVE_SYS_TYPES_H -DHAVE_SYS_UTIME_H -DHAVE_FCNTL_H -DHAVE_IO_H -DHAVE_LOCALE_H -DHAVE_SETJMP_H -DHAVE_SIGNAL_H -DHAVE_STDBOOL_H -DHAVE_STDINT_H -DHAVE_STDLIB_H -DHAVE_STRING_H -DHAVE_TIME_H -DHAVE_STDDEF_H /D_DEBUG /MDd /Z7 /Ob0 /Od /RTC1  -MDd /showIncludes /FoCMakeFiles\cmTC_b352d.dir\CurlTests.c.obj /FdCMakeFiles\cmTC_b352d.dir\ /FS -c D:\Programming\Battleship\Game\testDemo\vcpkg_installed\vcpkg\blds\curl\src\curl-8_2_1-1a1f01a28f.clean\CMake\CurlTests.c
FAILED: CMakeFiles/cmTC_b352d.dir/CurlTests.c.obj 
C:\PROGRA~1\MICROS~3\2022\COMMUN~1\VC\Tools\MSVC\1438~1.331\bin\Hostx64\x64\cl.exe  /nologo   /nologo /DWIN32 /D_WINDOWS /W3 /utf-8 /MP  -DHAVE_BUILTIN_AVAILABLE  -DHAVE_WINDOWS_H -DHAVE_WS2TCPIP_H -DHAVE_WINSOCK2_H -DHAVE_WINCRYPT_H -DHAVE_INTTYPES_H -DHAVE_SYS_STAT_H -DHAVE_SYS_TYPES_H -DHAVE_SYS_UTIME_H -DHAVE_FCNTL_H -DHAVE_IO_H -DHAVE_LOCALE_H -DHAVE_SETJMP_H -DHAVE_SIGNAL_H -DHAVE_STDBOOL_H -DHAVE_STDINT_H -DHAVE_STDLIB_H -DHAVE_STRING_H -DHAVE_TIME_H -DHAVE_STDDEF_H /D_DEBUG /MDd /Z7 /Ob0 /Od /RTC1  -MDd /showIncludes /FoCMakeFiles\cmTC_b352d.dir\CurlTests.c.obj /FdCMakeFiles\cmTC_b352d.dir\ /FS -c D:\Programming\Battleship\Game\testDemo\vcpkg_installed\vcpkg\blds\curl\src\curl-8_2_1-1a1f01a28f.clean\CMake\CurlTests.c
D:\Programming\Battleship\Game\testDemo\vcpkg_installed\vcpkg\blds\curl\src\curl-8_2_1-1a1f01a28f.clean\CMake\CurlTests.c(447): warning C4013: '__builtin_available' undefined; assuming extern returning int
D:\Programming\Battleship\Game\testDemo\vcpkg_installed\vcpkg\blds\curl\src\curl-8_2_1-1a1f01a28f.clean\CMake\CurlTests.c(447): error C2065: 'macOS': undeclared identifier
D:\Programming\Battleship\Game\testDemo\vcpkg_installed\vcpkg\blds\curl\src\curl-8_2_1-1a1f01a28f.clean\CMake\CurlTests.c(447): error C2143: syntax error: missing ')' before 'constant'
D:\Programming\Battleship\Game\testDemo\vcpkg_installed\vcpkg\blds\curl\src\curl-8_2_1-1a1f01a28f.clean\CMake\CurlTests.c(447): error C2059: syntax error: ')'
D:\Programming\Battleship\Game\testDemo\vcpkg_installed\vcpkg\blds\curl\src\curl-8_2_1-1a1f01a28f.clean\CMake\CurlTests.c(447): error C2059: syntax error: ')'
ninja: build stopped: subcommand failed.


